{"/home/juiceydev/juicebox/public/js/app.js": {"path":"/home/juiceydev/juicebox/public/js/app.js","statementMap":{"0":{"start":{"line":12,"column":18},"end":{"line":12,"column":22}},"1":{"start":{"line":15,"column":2},"end":{"line":46,"column":3}},"2":{"start":{"line":16,"column":4},"end":{"line":45,"column":7}},"3":{"start":{"line":17,"column":21},"end":{"line":17,"column":40}},"4":{"start":{"line":18,"column":6},"end":{"line":23,"column":7}},"5":{"start":{"line":19,"column":8},"end":{"line":19,"column":41}},"6":{"start":{"line":21,"column":8},"end":{"line":22,"column":78}},"7":{"start":{"line":22,"column":10},"end":{"line":22,"column":78}},"8":{"start":{"line":24,"column":6},"end":{"line":24,"column":46}},"9":{"start":{"line":25,"column":6},"end":{"line":25,"column":17}},"10":{"start":{"line":26,"column":6},"end":{"line":26,"column":16}},"11":{"start":{"line":27,"column":6},"end":{"line":27,"column":40}},"12":{"start":{"line":28,"column":6},"end":{"line":35,"column":7}},"13":{"start":{"line":29,"column":8},"end":{"line":31,"column":9}},"14":{"start":{"line":30,"column":10},"end":{"line":30,"column":47}},"15":{"start":{"line":32,"column":8},"end":{"line":34,"column":9}},"16":{"start":{"line":33,"column":10},"end":{"line":33,"column":44}},"17":{"start":{"line":36,"column":6},"end":{"line":36,"column":28}},"18":{"start":{"line":38,"column":6},"end":{"line":38,"column":25}},"19":{"start":{"line":39,"column":6},"end":{"line":39,"column":56}},"20":{"start":{"line":40,"column":6},"end":{"line":40,"column":78}},"21":{"start":{"line":40,"column":29},"end":{"line":40,"column":78}},"22":{"start":{"line":41,"column":6},"end":{"line":43,"column":16}},"23":{"start":{"line":42,"column":8},"end":{"line":42,"column":79}},"24":{"start":{"line":44,"column":6},"end":{"line":44,"column":16}},"25":{"start":{"line":47,"column":2},"end":{"line":47,"column":21}},"26":{"start":{"line":51,"column":2},"end":{"line":51,"column":34}},"27":{"start":{"line":54,"column":0},"end":{"line":58,"column":1}},"28":{"start":{"line":55,"column":2},"end":{"line":55,"column":70}},"29":{"start":{"line":57,"column":2},"end":{"line":57,"column":9}}},"fnMap":{"0":{"name":"initializeApp","decl":{"start":{"line":14,"column":22},"end":{"line":14,"column":35}},"loc":{"start":{"line":14,"column":38},"end":{"line":48,"column":1}},"line":14},"1":{"name":"(anonymous_1)","decl":{"start":{"line":16,"column":19},"end":{"line":16,"column":20}},"loc":{"start":{"line":16,"column":31},"end":{"line":37,"column":5}},"line":16},"2":{"name":"(anonymous_2)","decl":{"start":{"line":37,"column":15},"end":{"line":37,"column":16}},"loc":{"start":{"line":37,"column":24},"end":{"line":45,"column":5}},"line":37},"3":{"name":"boot","decl":{"start":{"line":50,"column":9},"end":{"line":50,"column":13}},"loc":{"start":{"line":50,"column":16},"end":{"line":52,"column":1}},"line":50},"4":{"name":"(anonymous_4)","decl":{"start":{"line":51,"column":24},"end":{"line":51,"column":25}},"loc":{"start":{"line":51,"column":30},"end":{"line":51,"column":32}},"line":51}},"branchMap":{"0":{"loc":{"start":{"line":15,"column":2},"end":{"line":46,"column":3}},"type":"if","locations":[{"start":{"line":15,"column":2},"end":{"line":46,"column":3}},{"start":{},"end":{}}],"line":15},"1":{"loc":{"start":{"line":21,"column":8},"end":{"line":22,"column":78}},"type":"if","locations":[{"start":{"line":21,"column":8},"end":{"line":22,"column":78}},{"start":{},"end":{}}],"line":21},"2":{"loc":{"start":{"line":28,"column":6},"end":{"line":35,"column":7}},"type":"if","locations":[{"start":{"line":28,"column":6},"end":{"line":35,"column":7}},{"start":{},"end":{}}],"line":28},"3":{"loc":{"start":{"line":29,"column":8},"end":{"line":31,"column":9}},"type":"if","locations":[{"start":{"line":29,"column":8},"end":{"line":31,"column":9}},{"start":{},"end":{}}],"line":29},"4":{"loc":{"start":{"line":32,"column":8},"end":{"line":34,"column":9}},"type":"if","locations":[{"start":{"line":32,"column":8},"end":{"line":34,"column":9}},{"start":{},"end":{}}],"line":32},"5":{"loc":{"start":{"line":40,"column":6},"end":{"line":40,"column":78}},"type":"if","locations":[{"start":{"line":40,"column":6},"end":{"line":40,"column":78}},{"start":{},"end":{}}],"line":40},"6":{"loc":{"start":{"line":54,"column":0},"end":{"line":58,"column":1}},"type":"if","locations":[{"start":{"line":54,"column":0},"end":{"line":58,"column":1}},{"start":{"line":56,"column":7},"end":{"line":58,"column":1}}],"line":54}},"s":{"0":2,"1":3,"2":2,"3":2,"4":2,"5":2,"6":0,"7":0,"8":2,"9":2,"10":2,"11":2,"12":2,"13":1,"14":1,"15":1,"16":1,"17":2,"18":0,"19":0,"20":0,"21":0,"22":0,"23":0,"24":0,"25":3,"26":0,"27":2,"28":2,"29":0},"f":{"0":3,"1":2,"2":0,"3":0,"4":0},"b":{"0":[2,1],"1":[0,0],"2":[1,1],"3":[1,0],"4":[1,0],"5":[0,0],"6":[2,0]},"_coverageSchema":"1a1c01bbd47fc00a2c39e90264f33305004495a9","hash":"6c1ccc8b4923037150dac269abd33f74e8781f80"}
,"/home/juiceydev/juicebox/public/js/config.js": {"path":"/home/juiceydev/juicebox/public/js/config.js","statementMap":{"0":{"start":{"line":4,"column":0},"end":{"line":4,"column":42}},"1":{"start":{"line":5,"column":0},"end":{"line":5,"column":35}},"2":{"start":{"line":6,"column":0},"end":{"line":6,"column":40}},"3":{"start":{"line":14,"column":2},"end":{"line":36,"column":3}},"4":{"start":{"line":15,"column":17},"end":{"line":15,"column":66}},"5":{"start":{"line":16,"column":4},"end":{"line":20,"column":5}},"6":{"start":{"line":17,"column":6},"end":{"line":18,"column":78}},"7":{"start":{"line":18,"column":8},"end":{"line":18,"column":78}},"8":{"start":{"line":19,"column":6},"end":{"line":19,"column":18}},"9":{"start":{"line":21,"column":16},"end":{"line":21,"column":33}},"10":{"start":{"line":22,"column":4},"end":{"line":24,"column":5}},"11":{"start":{"line":23,"column":6},"end":{"line":23,"column":49}},"12":{"start":{"line":25,"column":4},"end":{"line":27,"column":5}},"13":{"start":{"line":26,"column":6},"end":{"line":26,"column":55}},"14":{"start":{"line":28,"column":4},"end":{"line":30,"column":5}},"15":{"start":{"line":29,"column":6},"end":{"line":29,"column":69}},"16":{"start":{"line":31,"column":4},"end":{"line":31,"column":15}},"17":{"start":{"line":33,"column":4},"end":{"line":34,"column":75}},"18":{"start":{"line":34,"column":6},"end":{"line":34,"column":75}},"19":{"start":{"line":35,"column":4},"end":{"line":35,"column":16}}},"fnMap":{"0":{"name":"fetchConfig","decl":{"start":{"line":13,"column":22},"end":{"line":13,"column":33}},"loc":{"start":{"line":13,"column":36},"end":{"line":37,"column":1}},"line":13}},"branchMap":{"0":{"loc":{"start":{"line":16,"column":4},"end":{"line":20,"column":5}},"type":"if","locations":[{"start":{"line":16,"column":4},"end":{"line":20,"column":5}},{"start":{},"end":{}}],"line":16},"1":{"loc":{"start":{"line":17,"column":6},"end":{"line":18,"column":78}},"type":"if","locations":[{"start":{"line":17,"column":6},"end":{"line":18,"column":78}},{"start":{},"end":{}}],"line":17},"2":{"loc":{"start":{"line":22,"column":4},"end":{"line":24,"column":5}},"type":"if","locations":[{"start":{"line":22,"column":4},"end":{"line":24,"column":5}},{"start":{},"end":{}}],"line":22},"3":{"loc":{"start":{"line":22,"column":8},"end":{"line":22,"column":53}},"type":"binary-expr","locations":[{"start":{"line":22,"column":8},"end":{"line":22,"column":11}},{"start":{"line":22,"column":15},"end":{"line":22,"column":53}}],"line":22},"4":{"loc":{"start":{"line":25,"column":4},"end":{"line":27,"column":5}},"type":"if","locations":[{"start":{"line":25,"column":4},"end":{"line":27,"column":5}},{"start":{},"end":{}}],"line":25},"5":{"loc":{"start":{"line":25,"column":8},"end":{"line":25,"column":56}},"type":"binary-expr","locations":[{"start":{"line":25,"column":8},"end":{"line":25,"column":11}},{"start":{"line":25,"column":15},"end":{"line":25,"column":56}}],"line":25},"6":{"loc":{"start":{"line":28,"column":4},"end":{"line":30,"column":5}},"type":"if","locations":[{"start":{"line":28,"column":4},"end":{"line":30,"column":5}},{"start":{},"end":{}}],"line":28},"7":{"loc":{"start":{"line":28,"column":8},"end":{"line":28,"column":64}},"type":"binary-expr","locations":[{"start":{"line":28,"column":8},"end":{"line":28,"column":11}},{"start":{"line":28,"column":15},"end":{"line":28,"column":64}}],"line":28},"8":{"loc":{"start":{"line":33,"column":4},"end":{"line":34,"column":75}},"type":"if","locations":[{"start":{"line":33,"column":4},"end":{"line":34,"column":75}},{"start":{},"end":{}}],"line":33}},"s":{"0":5,"1":5,"2":5,"3":4,"4":4,"5":3,"6":1,"7":0,"8":1,"9":2,"10":2,"11":1,"12":2,"13":2,"14":2,"15":1,"16":2,"17":1,"18":0,"19":1},"f":{"0":4},"b":{"0":[1,2],"1":[0,1],"2":[1,1],"3":[2,2],"4":[2,0],"5":[2,2],"6":[1,1],"7":[2,2],"8":[0,1]},"_coverageSchema":"1a1c01bbd47fc00a2c39e90264f33305004495a9","hash":"5d163152c4bbd45b15509ffeac0773879f37c988"}
,"/home/juiceydev/juicebox/public/js/delete.js": {"path":"/home/juiceydev/juicebox/public/js/delete.js","statementMap":{"0":{"start":{"line":8,"column":29},"end":{"line":148,"column":1}},"1":{"start":{"line":10,"column":4},"end":{"line":10,"column":29}},"2":{"start":{"line":10,"column":22},"end":{"line":10,"column":29}},"3":{"start":{"line":11,"column":4},"end":{"line":36,"column":5}},"4":{"start":{"line":12,"column":6},"end":{"line":12,"column":34}},"5":{"start":{"line":13,"column":6},"end":{"line":13,"column":36}},"6":{"start":{"line":14,"column":6},"end":{"line":14,"column":40}},"7":{"start":{"line":15,"column":6},"end":{"line":15,"column":62}},"8":{"start":{"line":16,"column":11},"end":{"line":36,"column":5}},"9":{"start":{"line":17,"column":6},"end":{"line":17,"column":36}},"10":{"start":{"line":18,"column":6},"end":{"line":18,"column":35}},"11":{"start":{"line":19,"column":6},"end":{"line":19,"column":49}},"12":{"start":{"line":20,"column":6},"end":{"line":20,"column":80}},"13":{"start":{"line":21,"column":11},"end":{"line":36,"column":5}},"14":{"start":{"line":22,"column":6},"end":{"line":22,"column":36}},"15":{"start":{"line":23,"column":6},"end":{"line":23,"column":35}},"16":{"start":{"line":24,"column":6},"end":{"line":24,"column":50}},"17":{"start":{"line":25,"column":6},"end":{"line":25,"column":78}},"18":{"start":{"line":26,"column":11},"end":{"line":36,"column":5}},"19":{"start":{"line":27,"column":6},"end":{"line":27,"column":36}},"20":{"start":{"line":28,"column":6},"end":{"line":28,"column":35}},"21":{"start":{"line":29,"column":6},"end":{"line":29,"column":42}},"22":{"start":{"line":30,"column":6},"end":{"line":30,"column":62}},"23":{"start":{"line":32,"column":6},"end":{"line":32,"column":36}},"24":{"start":{"line":33,"column":6},"end":{"line":33,"column":35}},"25":{"start":{"line":34,"column":6},"end":{"line":34,"column":47}},"26":{"start":{"line":35,"column":6},"end":{"line":35,"column":69}},"27":{"start":{"line":40,"column":4},"end":{"line":40,"column":27}},"28":{"start":{"line":40,"column":20},"end":{"line":40,"column":27}},"29":{"start":{"line":41,"column":4},"end":{"line":54,"column":5}},"30":{"start":{"line":42,"column":6},"end":{"line":42,"column":43}},"31":{"start":{"line":43,"column":6},"end":{"line":52,"column":7}},"32":{"start":{"line":44,"column":8},"end":{"line":51,"column":11}},"33":{"start":{"line":45,"column":10},"end":{"line":45,"column":59}},"34":{"start":{"line":45,"column":50},"end":{"line":45,"column":57}},"35":{"start":{"line":46,"column":10},"end":{"line":50,"column":11}},"36":{"start":{"line":47,"column":12},"end":{"line":49,"column":14}},"37":{"start":{"line":48,"column":21},"end":{"line":48,"column":32}},"38":{"start":{"line":53,"column":6},"end":{"line":53,"column":13}},"39":{"start":{"line":55,"column":4},"end":{"line":55,"column":32}},"40":{"start":{"line":59,"column":4},"end":{"line":59,"column":44}},"41":{"start":{"line":59,"column":37},"end":{"line":59,"column":44}},"42":{"start":{"line":60,"column":23},"end":{"line":60,"column":69}},"43":{"start":{"line":61,"column":4},"end":{"line":65,"column":5}},"44":{"start":{"line":62,"column":6},"end":{"line":62,"column":43}},"45":{"start":{"line":63,"column":6},"end":{"line":63,"column":33}},"46":{"start":{"line":64,"column":6},"end":{"line":64,"column":13}},"47":{"start":{"line":66,"column":4},"end":{"line":66,"column":30}},"48":{"start":{"line":67,"column":4},"end":{"line":67,"column":22}},"49":{"start":{"line":68,"column":4},"end":{"line":68,"column":31}},"50":{"start":{"line":70,"column":4},"end":{"line":123,"column":6}},"51":{"start":{"line":81,"column":8},"end":{"line":121,"column":9}},"52":{"start":{"line":82,"column":20},"end":{"line":84,"column":12}},"53":{"start":{"line":85,"column":10},"end":{"line":116,"column":11}},"54":{"start":{"line":86,"column":12},"end":{"line":86,"column":55}},"55":{"start":{"line":87,"column":12},"end":{"line":87,"column":54}},"56":{"start":{"line":88,"column":12},"end":{"line":88,"column":40}},"57":{"start":{"line":89,"column":12},"end":{"line":89,"column":47}},"58":{"start":{"line":90,"column":12},"end":{"line":106,"column":13}},"59":{"start":{"line":91,"column":14},"end":{"line":98,"column":17}},"60":{"start":{"line":92,"column":16},"end":{"line":92,"column":65}},"61":{"start":{"line":92,"column":56},"end":{"line":92,"column":63}},"62":{"start":{"line":93,"column":16},"end":{"line":97,"column":17}},"63":{"start":{"line":94,"column":18},"end":{"line":96,"column":20}},"64":{"start":{"line":95,"column":27},"end":{"line":95,"column":38}},"65":{"start":{"line":100,"column":14},"end":{"line":100,"column":63}},"66":{"start":{"line":100,"column":54},"end":{"line":100,"column":61}},"67":{"start":{"line":101,"column":14},"end":{"line":105,"column":15}},"68":{"start":{"line":102,"column":16},"end":{"line":104,"column":18}},"69":{"start":{"line":103,"column":25},"end":{"line":103,"column":36}},"70":{"start":{"line":108,"column":22},"end":{"line":108,"column":38}},"71":{"start":{"line":109,"column":12},"end":{"line":112,"column":22}},"72":{"start":{"line":110,"column":26},"end":{"line":110,"column":40}},"73":{"start":{"line":111,"column":14},"end":{"line":111,"column":56}},"74":{"start":{"line":111,"column":38},"end":{"line":111,"column":56}},"75":{"start":{"line":113,"column":12},"end":{"line":113,"column":27}},"76":{"start":{"line":114,"column":12},"end":{"line":114,"column":31}},"77":{"start":{"line":115,"column":12},"end":{"line":115,"column":39}},"78":{"start":{"line":118,"column":10},"end":{"line":118,"column":38}},"79":{"start":{"line":119,"column":10},"end":{"line":119,"column":29}},"80":{"start":{"line":120,"column":10},"end":{"line":120,"column":37}},"81":{"start":{"line":127,"column":23},"end":{"line":127,"column":67}},"82":{"start":{"line":128,"column":4},"end":{"line":128,"column":28}},"83":{"start":{"line":128,"column":21},"end":{"line":128,"column":28}},"84":{"start":{"line":129,"column":4},"end":{"line":146,"column":7}},"85":{"start":{"line":130,"column":6},"end":{"line":145,"column":9}},"86":{"start":{"line":131,"column":26},"end":{"line":131,"column":72}},"87":{"start":{"line":132,"column":8},"end":{"line":144,"column":9}},"88":{"start":{"line":133,"column":10},"end":{"line":133,"column":35}},"89":{"start":{"line":134,"column":10},"end":{"line":143,"column":11}},"90":{"start":{"line":135,"column":12},"end":{"line":142,"column":15}},"91":{"start":{"line":136,"column":14},"end":{"line":136,"column":63}},"92":{"start":{"line":136,"column":54},"end":{"line":136,"column":61}},"93":{"start":{"line":137,"column":14},"end":{"line":141,"column":15}},"94":{"start":{"line":138,"column":16},"end":{"line":140,"column":18}},"95":{"start":{"line":139,"column":25},"end":{"line":139,"column":36}}},"fnMap":{"0":{"name":"(anonymous_0)","decl":{"start":{"line":9,"column":2},"end":{"line":9,"column":3}},"loc":{"start":{"line":9,"column":24},"end":{"line":37,"column":3}},"line":9},"1":{"name":"(anonymous_1)","decl":{"start":{"line":39,"column":2},"end":{"line":39,"column":3}},"loc":{"start":{"line":39,"column":30},"end":{"line":56,"column":3}},"line":39},"2":{"name":"(anonymous_2)","decl":{"start":{"line":44,"column":35},"end":{"line":44,"column":36}},"loc":{"start":{"line":44,"column":41},"end":{"line":51,"column":9}},"line":44},"3":{"name":"(anonymous_3)","decl":{"start":{"line":45,"column":43},"end":{"line":45,"column":44}},"loc":{"start":{"line":45,"column":50},"end":{"line":45,"column":57}},"line":45},"4":{"name":"(anonymous_4)","decl":{"start":{"line":48,"column":14},"end":{"line":48,"column":15}},"loc":{"start":{"line":48,"column":21},"end":{"line":48,"column":32}},"line":48},"5":{"name":"(anonymous_5)","decl":{"start":{"line":58,"column":2},"end":{"line":58,"column":3}},"loc":{"start":{"line":58,"column":25},"end":{"line":124,"column":3}},"line":58},"6":{"name":"(anonymous_6)","decl":{"start":{"line":80,"column":6},"end":{"line":80,"column":7}},"loc":{"start":{"line":80,"column":18},"end":{"line":122,"column":7}},"line":80},"7":{"name":"(anonymous_7)","decl":{"start":{"line":91,"column":41},"end":{"line":91,"column":42}},"loc":{"start":{"line":91,"column":47},"end":{"line":98,"column":15}},"line":91},"8":{"name":"(anonymous_8)","decl":{"start":{"line":92,"column":49},"end":{"line":92,"column":50}},"loc":{"start":{"line":92,"column":56},"end":{"line":92,"column":63}},"line":92},"9":{"name":"(anonymous_9)","decl":{"start":{"line":95,"column":20},"end":{"line":95,"column":21}},"loc":{"start":{"line":95,"column":27},"end":{"line":95,"column":38}},"line":95},"10":{"name":"(anonymous_10)","decl":{"start":{"line":100,"column":47},"end":{"line":100,"column":48}},"loc":{"start":{"line":100,"column":54},"end":{"line":100,"column":61}},"line":100},"11":{"name":"(anonymous_11)","decl":{"start":{"line":103,"column":18},"end":{"line":103,"column":19}},"loc":{"start":{"line":103,"column":25},"end":{"line":103,"column":36}},"line":103},"12":{"name":"(anonymous_12)","decl":{"start":{"line":126,"column":2},"end":{"line":126,"column":3}},"loc":{"start":{"line":126,"column":32},"end":{"line":147,"column":3}},"line":126},"13":{"name":"(anonymous_13)","decl":{"start":{"line":129,"column":34},"end":{"line":129,"column":35}},"loc":{"start":{"line":129,"column":45},"end":{"line":146,"column":5}},"line":129},"14":{"name":"(anonymous_14)","decl":{"start":{"line":130,"column":26},"end":{"line":130,"column":27}},"loc":{"start":{"line":130,"column":33},"end":{"line":145,"column":7}},"line":130},"15":{"name":"(anonymous_15)","decl":{"start":{"line":135,"column":39},"end":{"line":135,"column":40}},"loc":{"start":{"line":135,"column":45},"end":{"line":142,"column":13}},"line":135},"16":{"name":"(anonymous_16)","decl":{"start":{"line":136,"column":47},"end":{"line":136,"column":48}},"loc":{"start":{"line":136,"column":54},"end":{"line":136,"column":61}},"line":136},"17":{"name":"(anonymous_17)","decl":{"start":{"line":139,"column":18},"end":{"line":139,"column":19}},"loc":{"start":{"line":139,"column":25},"end":{"line":139,"column":36}},"line":139}},"branchMap":{"0":{"loc":{"start":{"line":10,"column":4},"end":{"line":10,"column":29}},"type":"if","locations":[{"start":{"line":10,"column":4},"end":{"line":10,"column":29}},{"start":{},"end":{}}],"line":10},"1":{"loc":{"start":{"line":11,"column":4},"end":{"line":36,"column":5}},"type":"if","locations":[{"start":{"line":11,"column":4},"end":{"line":36,"column":5}},{"start":{"line":16,"column":11},"end":{"line":36,"column":5}}],"line":11},"2":{"loc":{"start":{"line":16,"column":11},"end":{"line":36,"column":5}},"type":"if","locations":[{"start":{"line":16,"column":11},"end":{"line":36,"column":5}},{"start":{"line":21,"column":11},"end":{"line":36,"column":5}}],"line":16},"3":{"loc":{"start":{"line":21,"column":11},"end":{"line":36,"column":5}},"type":"if","locations":[{"start":{"line":21,"column":11},"end":{"line":36,"column":5}},{"start":{"line":26,"column":11},"end":{"line":36,"column":5}}],"line":21},"4":{"loc":{"start":{"line":26,"column":11},"end":{"line":36,"column":5}},"type":"if","locations":[{"start":{"line":26,"column":11},"end":{"line":36,"column":5}},{"start":{"line":31,"column":11},"end":{"line":36,"column":5}}],"line":26},"5":{"loc":{"start":{"line":40,"column":4},"end":{"line":40,"column":27}},"type":"if","locations":[{"start":{"line":40,"column":4},"end":{"line":40,"column":27}},{"start":{},"end":{}}],"line":40},"6":{"loc":{"start":{"line":41,"column":4},"end":{"line":54,"column":5}},"type":"if","locations":[{"start":{"line":41,"column":4},"end":{"line":54,"column":5}},{"start":{},"end":{}}],"line":41},"7":{"loc":{"start":{"line":41,"column":8},"end":{"line":41,"column":32}},"type":"binary-expr","locations":[{"start":{"line":41,"column":8},"end":{"line":41,"column":21}},{"start":{"line":41,"column":25},"end":{"line":41,"column":32}}],"line":41},"8":{"loc":{"start":{"line":43,"column":6},"end":{"line":52,"column":7}},"type":"if","locations":[{"start":{"line":43,"column":6},"end":{"line":52,"column":7}},{"start":{},"end":{}}],"line":43},"9":{"loc":{"start":{"line":46,"column":10},"end":{"line":50,"column":11}},"type":"if","locations":[{"start":{"line":46,"column":10},"end":{"line":50,"column":11}},{"start":{},"end":{}}],"line":46},"10":{"loc":{"start":{"line":59,"column":4},"end":{"line":59,"column":44}},"type":"if","locations":[{"start":{"line":59,"column":4},"end":{"line":59,"column":44}},{"start":{},"end":{}}],"line":59},"11":{"loc":{"start":{"line":59,"column":8},"end":{"line":59,"column":35}},"type":"binary-expr","locations":[{"start":{"line":59,"column":8},"end":{"line":59,"column":21}},{"start":{"line":59,"column":25},"end":{"line":59,"column":35}}],"line":59},"12":{"loc":{"start":{"line":61,"column":4},"end":{"line":65,"column":5}},"type":"if","locations":[{"start":{"line":61,"column":4},"end":{"line":65,"column":5}},{"start":{},"end":{}}],"line":61},"13":{"loc":{"start":{"line":85,"column":10},"end":{"line":116,"column":11}},"type":"if","locations":[{"start":{"line":85,"column":10},"end":{"line":116,"column":11}},{"start":{"line":107,"column":17},"end":{"line":116,"column":11}}],"line":85},"14":{"loc":{"start":{"line":90,"column":12},"end":{"line":106,"column":13}},"type":"if","locations":[{"start":{"line":90,"column":12},"end":{"line":106,"column":13}},{"start":{"line":99,"column":19},"end":{"line":106,"column":13}}],"line":90},"15":{"loc":{"start":{"line":93,"column":16},"end":{"line":97,"column":17}},"type":"if","locations":[{"start":{"line":93,"column":16},"end":{"line":97,"column":17}},{"start":{},"end":{}}],"line":93},"16":{"loc":{"start":{"line":101,"column":14},"end":{"line":105,"column":15}},"type":"if","locations":[{"start":{"line":101,"column":14},"end":{"line":105,"column":15}},{"start":{},"end":{}}],"line":101},"17":{"loc":{"start":{"line":111,"column":14},"end":{"line":111,"column":56}},"type":"if","locations":[{"start":{"line":111,"column":14},"end":{"line":111,"column":56}},{"start":{},"end":{}}],"line":111},"18":{"loc":{"start":{"line":111,"column":18},"end":{"line":111,"column":36}},"type":"binary-expr","locations":[{"start":{"line":111,"column":18},"end":{"line":111,"column":21}},{"start":{"line":111,"column":25},"end":{"line":111,"column":36}}],"line":111},"19":{"loc":{"start":{"line":128,"column":4},"end":{"line":128,"column":28}},"type":"if","locations":[{"start":{"line":128,"column":4},"end":{"line":128,"column":28}},{"start":{},"end":{}}],"line":128},"20":{"loc":{"start":{"line":132,"column":8},"end":{"line":144,"column":9}},"type":"if","locations":[{"start":{"line":132,"column":8},"end":{"line":144,"column":9}},{"start":{},"end":{}}],"line":132},"21":{"loc":{"start":{"line":134,"column":10},"end":{"line":143,"column":11}},"type":"if","locations":[{"start":{"line":134,"column":10},"end":{"line":143,"column":11}},{"start":{},"end":{}}],"line":134},"22":{"loc":{"start":{"line":137,"column":14},"end":{"line":141,"column":15}},"type":"if","locations":[{"start":{"line":137,"column":14},"end":{"line":141,"column":15}},{"start":{},"end":{}}],"line":137}},"s":{"0":2,"1":0,"2":0,"3":0,"4":0,"5":0,"6":0,"7":0,"8":0,"9":0,"10":0,"11":0,"12":0,"13":0,"14":0,"15":0,"16":0,"17":0,"18":0,"19":0,"20":0,"21":0,"22":0,"23":0,"24":0,"25":0,"26":0,"27":0,"28":0,"29":0,"30":0,"31":0,"32":0,"33":0,"34":0,"35":0,"36":0,"37":0,"38":0,"39":0,"40":0,"41":0,"42":0,"43":0,"44":0,"45":0,"46":0,"47":0,"48":0,"49":0,"50":0,"51":0,"52":0,"53":0,"54":0,"55":0,"56":0,"57":0,"58":0,"59":0,"60":0,"61":0,"62":0,"63":0,"64":0,"65":0,"66":0,"67":0,"68":0,"69":0,"70":0,"71":0,"72":0,"73":0,"74":0,"75":0,"76":0,"77":0,"78":0,"79":0,"80":0,"81":0,"82":0,"83":0,"84":0,"85":0,"86":0,"87":0,"88":0,"89":0,"90":0,"91":0,"92":0,"93":0,"94":0,"95":0},"f":{"0":0,"1":0,"2":0,"3":0,"4":0,"5":0,"6":0,"7":0,"8":0,"9":0,"10":0,"11":0,"12":0,"13":0,"14":0,"15":0,"16":0,"17":0},"b":{"0":[0,0],"1":[0,0],"2":[0,0],"3":[0,0],"4":[0,0],"5":[0,0],"6":[0,0],"7":[0,0],"8":[0,0],"9":[0,0],"10":[0,0],"11":[0,0],"12":[0,0],"13":[0,0],"14":[0,0],"15":[0,0],"16":[0,0],"17":[0,0],"18":[0,0],"19":[0,0],"20":[0,0],"21":[0,0],"22":[0,0]},"_coverageSchema":"1a1c01bbd47fc00a2c39e90264f33305004495a9","hash":"0ec34f3b20e1112a2ab9e28d247e6aeebc77b200"}
,"/home/juiceydev/juicebox/public/js/lang.js": {"path":"/home/juiceydev/juicebox/public/js/lang.js","statementMap":{"0":{"start":{"line":3,"column":0},"end":{"line":304,"column":21}},"1":{"start":{"line":6,"column":22},"end":{"line":6,"column":31}},"2":{"start":{"line":7,"column":20},"end":{"line":7,"column":26}},"3":{"start":{"line":8,"column":18},"end":{"line":8,"column":42}},"4":{"start":{"line":9,"column":22},"end":{"line":9,"column":38}},"5":{"start":{"line":10,"column":25},"end":{"line":10,"column":29}},"6":{"start":{"line":11,"column":29},"end":{"line":11,"column":34}},"7":{"start":{"line":14,"column":4},"end":{"line":14,"column":32}},"8":{"start":{"line":14,"column":25},"end":{"line":14,"column":32}},"9":{"start":{"line":15,"column":4},"end":{"line":17,"column":18}},"10":{"start":{"line":16,"column":6},"end":{"line":16,"column":54}},"11":{"start":{"line":21,"column":4},"end":{"line":37,"column":9}},"12":{"start":{"line":23,"column":10},"end":{"line":29,"column":11}},"13":{"start":{"line":24,"column":12},"end":{"line":24,"column":44}},"14":{"start":{"line":26,"column":12},"end":{"line":28,"column":13}},"15":{"start":{"line":27,"column":14},"end":{"line":27,"column":65}},"16":{"start":{"line":32,"column":10},"end":{"line":36,"column":11}},"17":{"start":{"line":33,"column":12},"end":{"line":33,"column":38}},"18":{"start":{"line":35,"column":12},"end":{"line":35,"column":37}},"19":{"start":{"line":40,"column":4},"end":{"line":40,"column":45}},"20":{"start":{"line":40,"column":33},"end":{"line":40,"column":45}},"21":{"start":{"line":41,"column":20},"end":{"line":41,"column":44}},"22":{"start":{"line":42,"column":4},"end":{"line":42,"column":53}},"23":{"start":{"line":46,"column":4},"end":{"line":56,"column":5}},"24":{"start":{"line":48,"column":8},"end":{"line":49,"column":40}},"25":{"start":{"line":50,"column":6},"end":{"line":50,"column":30}},"26":{"start":{"line":52,"column":6},"end":{"line":54,"column":7}},"27":{"start":{"line":53,"column":8},"end":{"line":53,"column":64}},"28":{"start":{"line":55,"column":6},"end":{"line":55,"column":18}},"29":{"start":{"line":60,"column":22},"end":{"line":60,"column":36}},"30":{"start":{"line":61,"column":4},"end":{"line":61,"column":32}},"31":{"start":{"line":61,"column":20},"end":{"line":61,"column":32}},"32":{"start":{"line":62,"column":4},"end":{"line":68,"column":5}},"33":{"start":{"line":63,"column":6},"end":{"line":63,"column":55}},"34":{"start":{"line":65,"column":6},"end":{"line":67,"column":7}},"35":{"start":{"line":66,"column":8},"end":{"line":66,"column":65}},"36":{"start":{"line":69,"column":4},"end":{"line":69,"column":21}},"37":{"start":{"line":73,"column":4},"end":{"line":77,"column":5}},"38":{"start":{"line":74,"column":6},"end":{"line":74,"column":78}},"39":{"start":{"line":76,"column":6},"end":{"line":76,"column":18}},"40":{"start":{"line":81,"column":22},"end":{"line":81,"column":36}},"41":{"start":{"line":82,"column":4},"end":{"line":82,"column":27}},"42":{"start":{"line":82,"column":20},"end":{"line":82,"column":27}},"43":{"start":{"line":83,"column":4},"end":{"line":88,"column":18}},"44":{"start":{"line":84,"column":19},"end":{"line":84,"column":38}},"45":{"start":{"line":85,"column":6},"end":{"line":87,"column":7}},"46":{"start":{"line":86,"column":8},"end":{"line":86,"column":30}},"47":{"start":{"line":92,"column":4},"end":{"line":92,"column":85}},"48":{"start":{"line":96,"column":20},"end":{"line":96,"column":32}},"49":{"start":{"line":97,"column":23},"end":{"line":97,"column":34}},"50":{"start":{"line":98,"column":23},"end":{"line":98,"column":76}},"51":{"start":{"line":99,"column":25},"end":{"line":99,"column":67}},"52":{"start":{"line":100,"column":4},"end":{"line":107,"column":6}},"53":{"start":{"line":111,"column":4},"end":{"line":111,"column":32}},"54":{"start":{"line":111,"column":25},"end":{"line":111,"column":32}},"55":{"start":{"line":112,"column":4},"end":{"line":112,"column":50}},"56":{"start":{"line":116,"column":16},"end":{"line":116,"column":42}},"57":{"start":{"line":117,"column":20},"end":{"line":117,"column":61}},"58":{"start":{"line":118,"column":4},"end":{"line":126,"column":5}},"59":{"start":{"line":119,"column":6},"end":{"line":119,"column":25}},"60":{"start":{"line":120,"column":6},"end":{"line":120,"column":31}},"61":{"start":{"line":121,"column":6},"end":{"line":123,"column":7}},"62":{"start":{"line":122,"column":8},"end":{"line":122,"column":23}},"63":{"start":{"line":124,"column":6},"end":{"line":124,"column":63}},"64":{"start":{"line":125,"column":6},"end":{"line":125,"column":21}},"65":{"start":{"line":127,"column":19},"end":{"line":127,"column":30}},"66":{"start":{"line":128,"column":4},"end":{"line":134,"column":5}},"67":{"start":{"line":129,"column":6},"end":{"line":129,"column":30}},"68":{"start":{"line":130,"column":6},"end":{"line":130,"column":46}},"69":{"start":{"line":131,"column":6},"end":{"line":131,"column":42}},"70":{"start":{"line":132,"column":6},"end":{"line":132,"column":52}},"71":{"start":{"line":133,"column":6},"end":{"line":133,"column":20}},"72":{"start":{"line":135,"column":4},"end":{"line":137,"column":5}},"73":{"start":{"line":136,"column":6},"end":{"line":136,"column":21}},"74":{"start":{"line":138,"column":4},"end":{"line":138,"column":40}},"75":{"start":{"line":139,"column":4},"end":{"line":139,"column":16}},"76":{"start":{"line":143,"column":22},"end":{"line":143,"column":37}},"77":{"start":{"line":144,"column":4},"end":{"line":144,"column":32}},"78":{"start":{"line":144,"column":20},"end":{"line":144,"column":32}},"79":{"start":{"line":145,"column":4},"end":{"line":145,"column":31}},"80":{"start":{"line":146,"column":16},"end":{"line":146,"column":42}},"81":{"start":{"line":147,"column":4},"end":{"line":147,"column":54}},"82":{"start":{"line":148,"column":4},"end":{"line":151,"column":5}},"83":{"start":{"line":149,"column":6},"end":{"line":149,"column":21}},"84":{"start":{"line":150,"column":6},"end":{"line":150,"column":23}},"85":{"start":{"line":152,"column":4},"end":{"line":152,"column":47}},"86":{"start":{"line":153,"column":4},"end":{"line":153,"column":61}},"87":{"start":{"line":154,"column":4},"end":{"line":154,"column":21}},"88":{"start":{"line":158,"column":17},"end":{"line":158,"column":30}},"89":{"start":{"line":159,"column":4},"end":{"line":159,"column":22}},"90":{"start":{"line":159,"column":15},"end":{"line":159,"column":22}},"91":{"start":{"line":160,"column":4},"end":{"line":163,"column":7}},"92":{"start":{"line":164,"column":17},"end":{"line":164,"column":28}},"93":{"start":{"line":165,"column":20},"end":{"line":165,"column":22}},"94":{"start":{"line":166,"column":4},"end":{"line":173,"column":5}},"95":{"start":{"line":172,"column":6},"end":{"line":172,"column":25}},"96":{"start":{"line":174,"column":4},"end":{"line":176,"column":5}},"97":{"start":{"line":175,"column":6},"end":{"line":175,"column":81}},"98":{"start":{"line":175,"column":59},"end":{"line":175,"column":79}},"99":{"start":{"line":177,"column":17},"end":{"line":177,"column":26}},"100":{"start":{"line":178,"column":4},"end":{"line":205,"column":7}},"101":{"start":{"line":179,"column":6},"end":{"line":179,"column":46}},"102":{"start":{"line":179,"column":39},"end":{"line":179,"column":46}},"103":{"start":{"line":180,"column":6},"end":{"line":180,"column":23}},"104":{"start":{"line":181,"column":6},"end":{"line":181,"column":53}},"105":{"start":{"line":181,"column":46},"end":{"line":181,"column":53}},"106":{"start":{"line":182,"column":19},"end":{"line":182,"column":46}},"107":{"start":{"line":183,"column":6},"end":{"line":183,"column":48}},"108":{"start":{"line":183,"column":41},"end":{"line":183,"column":48}},"109":{"start":{"line":184,"column":22},"end":{"line":184,"column":47}},"110":{"start":{"line":185,"column":6},"end":{"line":193,"column":7}},"111":{"start":{"line":192,"column":8},"end":{"line":192,"column":15}},"112":{"start":{"line":195,"column":6},"end":{"line":199,"column":7}},"113":{"start":{"line":196,"column":8},"end":{"line":196,"column":52}},"114":{"start":{"line":198,"column":8},"end":{"line":198,"column":15}},"115":{"start":{"line":200,"column":6},"end":{"line":200,"column":56}},"116":{"start":{"line":200,"column":49},"end":{"line":200,"column":56}},"117":{"start":{"line":201,"column":6},"end":{"line":201,"column":62}},"118":{"start":{"line":201,"column":55},"end":{"line":201,"column":62}},"119":{"start":{"line":202,"column":6},"end":{"line":202,"column":47}},"120":{"start":{"line":203,"column":25},"end":{"line":203,"column":70}},"121":{"start":{"line":204,"column":6},"end":{"line":204,"column":46}},"122":{"start":{"line":209,"column":4},"end":{"line":209,"column":24}},"123":{"start":{"line":209,"column":17},"end":{"line":209,"column":24}},"124":{"start":{"line":210,"column":20},"end":{"line":210,"column":47}},"125":{"start":{"line":211,"column":4},"end":{"line":216,"column":5}},"126":{"start":{"line":212,"column":21},"end":{"line":214,"column":7}},"127":{"start":{"line":213,"column":17},"end":{"line":213,"column":38}},"128":{"start":{"line":215,"column":6},"end":{"line":215,"column":41}},"129":{"start":{"line":215,"column":18},"end":{"line":215,"column":41}},"130":{"start":{"line":217,"column":4},"end":{"line":219,"column":7}},"131":{"start":{"line":218,"column":6},"end":{"line":218,"column":34}},"132":{"start":{"line":223,"column":4},"end":{"line":226,"column":5}},"133":{"start":{"line":224,"column":6},"end":{"line":224,"column":48}},"134":{"start":{"line":225,"column":6},"end":{"line":225,"column":13}},"135":{"start":{"line":227,"column":4},"end":{"line":240,"column":5}},"136":{"start":{"line":228,"column":6},"end":{"line":228,"column":39}},"137":{"start":{"line":228,"column":32},"end":{"line":228,"column":39}},"138":{"start":{"line":229,"column":6},"end":{"line":229,"column":34}},"139":{"start":{"line":230,"column":6},"end":{"line":237,"column":8}},"140":{"start":{"line":233,"column":10},"end":{"line":233,"column":39}},"141":{"start":{"line":234,"column":10},"end":{"line":234,"column":30}},"142":{"start":{"line":238,"column":6},"end":{"line":238,"column":48}},"143":{"start":{"line":239,"column":6},"end":{"line":239,"column":13}},"144":{"start":{"line":241,"column":4},"end":{"line":241,"column":43}},"145":{"start":{"line":242,"column":4},"end":{"line":252,"column":7}},"146":{"start":{"line":243,"column":6},"end":{"line":245,"column":7}},"147":{"start":{"line":244,"column":8},"end":{"line":244,"column":78}},"148":{"start":{"line":246,"column":6},"end":{"line":251,"column":9}},"149":{"start":{"line":247,"column":8},"end":{"line":250,"column":11}},"150":{"start":{"line":248,"column":10},"end":{"line":248,"column":51}},"151":{"start":{"line":248,"column":44},"end":{"line":248,"column":51}},"152":{"start":{"line":249,"column":10},"end":{"line":249,"column":29}},"153":{"start":{"line":253,"column":4},"end":{"line":253,"column":75}},"154":{"start":{"line":256,"column":14},"end":{"line":268,"column":3}},"155":{"start":{"line":257,"column":19},"end":{"line":257,"column":34}},"156":{"start":{"line":264,"column":19},"end":{"line":264,"column":40}},"157":{"start":{"line":271,"column":4},"end":{"line":271,"column":28}},"158":{"start":{"line":271,"column":21},"end":{"line":271,"column":28}},"159":{"start":{"line":272,"column":4},"end":{"line":275,"column":5}},"160":{"start":{"line":273,"column":6},"end":{"line":273,"column":41}},"161":{"start":{"line":274,"column":6},"end":{"line":274,"column":48}},"162":{"start":{"line":276,"column":4},"end":{"line":279,"column":5}},"163":{"start":{"line":277,"column":6},"end":{"line":277,"column":37}},"164":{"start":{"line":278,"column":6},"end":{"line":278,"column":49}},"165":{"start":{"line":282,"column":2},"end":{"line":282,"column":19}},"166":{"start":{"line":283,"column":2},"end":{"line":283,"column":19}},"167":{"start":{"line":285,"column":18},"end":{"line":285,"column":52}},"168":{"start":{"line":286,"column":2},"end":{"line":291,"column":3}},"169":{"start":{"line":287,"column":4},"end":{"line":287,"column":29}},"170":{"start":{"line":289,"column":4},"end":{"line":289,"column":43}},"171":{"start":{"line":290,"column":4},"end":{"line":290,"column":19}},"172":{"start":{"line":292,"column":2},"end":{"line":292,"column":19}},"173":{"start":{"line":293,"column":18},"end":{"line":298,"column":3}},"174":{"start":{"line":294,"column":4},"end":{"line":294,"column":19}},"175":{"start":{"line":295,"column":4},"end":{"line":295,"column":24}},"176":{"start":{"line":296,"column":4},"end":{"line":296,"column":21}},"177":{"start":{"line":297,"column":4},"end":{"line":297,"column":22}},"178":{"start":{"line":299,"column":2},"end":{"line":303,"column":3}},"179":{"start":{"line":300,"column":4},"end":{"line":300,"column":54}},"180":{"start":{"line":302,"column":4},"end":{"line":302,"column":14}}},"fnMap":{"0":{"name":"(anonymous_0)","decl":{"start":{"line":3,"column":1},"end":{"line":3,"column":2}},"loc":{"start":{"line":3,"column":21},"end":{"line":304,"column":1}},"line":3},"1":{"name":"debugLog","decl":{"start":{"line":13,"column":11},"end":{"line":13,"column":19}},"loc":{"start":{"line":13,"column":38},"end":{"line":18,"column":3}},"line":13},"2":{"name":"(anonymous_2)","decl":{"start":{"line":22,"column":8},"end":{"line":22,"column":9}},"loc":{"start":{"line":22,"column":23},"end":{"line":30,"column":9}},"line":22},"3":{"name":"(anonymous_3)","decl":{"start":{"line":31,"column":8},"end":{"line":31,"column":9}},"loc":{"start":{"line":31,"column":23},"end":{"line":37,"column":9}},"line":31},"4":{"name":"sanitize","decl":{"start":{"line":39,"column":11},"end":{"line":39,"column":19}},"loc":{"start":{"line":39,"column":25},"end":{"line":43,"column":3}},"line":39},"5":{"name":"getStored","decl":{"start":{"line":45,"column":11},"end":{"line":45,"column":20}},"loc":{"start":{"line":45,"column":23},"end":{"line":57,"column":3}},"line":45},"6":{"name":"setStored","decl":{"start":{"line":59,"column":11},"end":{"line":59,"column":20}},"loc":{"start":{"line":59,"column":27},"end":{"line":70,"column":3}},"line":59},"7":{"name":"getUrlLang","decl":{"start":{"line":72,"column":11},"end":{"line":72,"column":21}},"loc":{"start":{"line":72,"column":24},"end":{"line":78,"column":3}},"line":72},"8":{"name":"setDocumentLang","decl":{"start":{"line":80,"column":11},"end":{"line":80,"column":26}},"loc":{"start":{"line":80,"column":33},"end":{"line":89,"column":3}},"line":80},"9":{"name":"resolveLang","decl":{"start":{"line":91,"column":11},"end":{"line":91,"column":22}},"loc":{"start":{"line":91,"column":25},"end":{"line":93,"column":3}},"line":91},"10":{"name":"snapshotState","decl":{"start":{"line":95,"column":11},"end":{"line":95,"column":24}},"loc":{"start":{"line":95,"column":27},"end":{"line":108,"column":3}},"line":95},"11":{"name":"logState","decl":{"start":{"line":110,"column":11},"end":{"line":110,"column":19}},"loc":{"start":{"line":110,"column":29},"end":{"line":113,"column":3}},"line":110},"12":{"name":"ensureLanguage","decl":{"start":{"line":115,"column":11},"end":{"line":115,"column":25}},"loc":{"start":{"line":115,"column":51},"end":{"line":140,"column":3}},"line":115},"13":{"name":"applyLanguage","decl":{"start":{"line":142,"column":11},"end":{"line":142,"column":24}},"loc":{"start":{"line":142,"column":57},"end":{"line":155,"column":3}},"line":142},"14":{"name":"rewriteLinks","decl":{"start":{"line":157,"column":11},"end":{"line":157,"column":23}},"loc":{"start":{"line":157,"column":30},"end":{"line":206,"column":3}},"line":157},"15":{"name":"(anonymous_15)","decl":{"start":{"line":175,"column":47},"end":{"line":175,"column":48}},"loc":{"start":{"line":175,"column":59},"end":{"line":175,"column":79}},"line":175},"16":{"name":"(anonymous_16)","decl":{"start":{"line":178,"column":20},"end":{"line":178,"column":21}},"loc":{"start":{"line":178,"column":32},"end":{"line":205,"column":5}},"line":178},"17":{"name":"syncSelect","decl":{"start":{"line":208,"column":11},"end":{"line":208,"column":21}},"loc":{"start":{"line":208,"column":30},"end":{"line":220,"column":3}},"line":208},"18":{"name":"(anonymous_18)","decl":{"start":{"line":213,"column":8},"end":{"line":213,"column":9}},"loc":{"start":{"line":213,"column":17},"end":{"line":213,"column":38}},"line":213},"19":{"name":"(anonymous_19)","decl":{"start":{"line":217,"column":38},"end":{"line":217,"column":39}},"loc":{"start":{"line":217,"column":44},"end":{"line":219,"column":5}},"line":217},"20":{"name":"enableAutoRewrite","decl":{"start":{"line":222,"column":11},"end":{"line":222,"column":28}},"loc":{"start":{"line":222,"column":31},"end":{"line":254,"column":3}},"line":222},"21":{"name":"(anonymous_21)","decl":{"start":{"line":232,"column":8},"end":{"line":232,"column":9}},"loc":{"start":{"line":232,"column":14},"end":{"line":235,"column":9}},"line":232},"22":{"name":"(anonymous_22)","decl":{"start":{"line":242,"column":44},"end":{"line":242,"column":45}},"loc":{"start":{"line":242,"column":59},"end":{"line":252,"column":5}},"line":242},"23":{"name":"(anonymous_23)","decl":{"start":{"line":246,"column":24},"end":{"line":246,"column":25}},"loc":{"start":{"line":246,"column":38},"end":{"line":251,"column":7}},"line":246},"24":{"name":"(anonymous_24)","decl":{"start":{"line":247,"column":36},"end":{"line":247,"column":37}},"loc":{"start":{"line":247,"column":46},"end":{"line":250,"column":9}},"line":247},"25":{"name":"(anonymous_25)","decl":{"start":{"line":257,"column":13},"end":{"line":257,"column":14}},"loc":{"start":{"line":257,"column":19},"end":{"line":257,"column":34}},"line":257},"26":{"name":"(anonymous_26)","decl":{"start":{"line":264,"column":13},"end":{"line":264,"column":14}},"loc":{"start":{"line":264,"column":19},"end":{"line":264,"column":40}},"line":264},"27":{"name":"ensureDebugApi","decl":{"start":{"line":270,"column":11},"end":{"line":270,"column":25}},"loc":{"start":{"line":270,"column":28},"end":{"line":280,"column":3}},"line":270},"28":{"name":"(anonymous_28)","decl":{"start":{"line":293,"column":18},"end":{"line":293,"column":19}},"loc":{"start":{"line":293,"column":24},"end":{"line":298,"column":3}},"line":293}},"branchMap":{"0":{"loc":{"start":{"line":14,"column":4},"end":{"line":14,"column":32}},"type":"if","locations":[{"start":{"line":14,"column":4},"end":{"line":14,"column":32}},{"start":{},"end":{}}],"line":14},"1":{"loc":{"start":{"line":16,"column":39},"end":{"line":16,"column":52}},"type":"binary-expr","locations":[{"start":{"line":16,"column":39},"end":{"line":16,"column":46}},{"start":{"line":16,"column":50},"end":{"line":16,"column":52}}],"line":16},"2":{"loc":{"start":{"line":21,"column":4},"end":{"line":37,"column":9}},"type":"cond-expr","locations":[{"start":{"line":22,"column":8},"end":{"line":30,"column":9}},{"start":{"line":31,"column":8},"end":{"line":37,"column":9}}],"line":21},"3":{"loc":{"start":{"line":26,"column":12},"end":{"line":28,"column":13}},"type":"if","locations":[{"start":{"line":26,"column":12},"end":{"line":28,"column":13}},{"start":{},"end":{}}],"line":26},"4":{"loc":{"start":{"line":32,"column":10},"end":{"line":36,"column":11}},"type":"if","locations":[{"start":{"line":32,"column":10},"end":{"line":36,"column":11}},{"start":{"line":34,"column":17},"end":{"line":36,"column":11}}],"line":32},"5":{"loc":{"start":{"line":40,"column":4},"end":{"line":40,"column":45}},"type":"if","locations":[{"start":{"line":40,"column":4},"end":{"line":40,"column":45}},{"start":{},"end":{}}],"line":40},"6":{"loc":{"start":{"line":42,"column":11},"end":{"line":42,"column":52}},"type":"cond-expr","locations":[{"start":{"line":42,"column":38},"end":{"line":42,"column":45}},{"start":{"line":42,"column":48},"end":{"line":42,"column":52}}],"line":42},"7":{"loc":{"start":{"line":48,"column":8},"end":{"line":49,"column":40}},"type":"binary-expr","locations":[{"start":{"line":48,"column":8},"end":{"line":48,"column":45}},{"start":{"line":49,"column":8},"end":{"line":49,"column":40}}],"line":48},"8":{"loc":{"start":{"line":52,"column":6},"end":{"line":54,"column":7}},"type":"if","locations":[{"start":{"line":52,"column":6},"end":{"line":54,"column":7}},{"start":{},"end":{}}],"line":52},"9":{"loc":{"start":{"line":61,"column":4},"end":{"line":61,"column":32}},"type":"if","locations":[{"start":{"line":61,"column":4},"end":{"line":61,"column":32}},{"start":{},"end":{}}],"line":61},"10":{"loc":{"start":{"line":65,"column":6},"end":{"line":67,"column":7}},"type":"if","locations":[{"start":{"line":65,"column":6},"end":{"line":67,"column":7}},{"start":{},"end":{}}],"line":65},"11":{"loc":{"start":{"line":82,"column":4},"end":{"line":82,"column":27}},"type":"if","locations":[{"start":{"line":82,"column":4},"end":{"line":82,"column":27}},{"start":{},"end":{}}],"line":82},"12":{"loc":{"start":{"line":85,"column":6},"end":{"line":87,"column":7}},"type":"if","locations":[{"start":{"line":85,"column":6},"end":{"line":87,"column":7}},{"start":{},"end":{}}],"line":85},"13":{"loc":{"start":{"line":85,"column":10},"end":{"line":85,"column":41}},"type":"binary-expr","locations":[{"start":{"line":85,"column":10},"end":{"line":85,"column":14}},{"start":{"line":85,"column":18},"end":{"line":85,"column":41}}],"line":85},"14":{"loc":{"start":{"line":92,"column":11},"end":{"line":92,"column":84}},"type":"binary-expr","locations":[{"start":{"line":92,"column":11},"end":{"line":92,"column":23}},{"start":{"line":92,"column":27},"end":{"line":92,"column":38}},{"start":{"line":92,"column":42},"end":{"line":92,"column":76}},{"start":{"line":92,"column":80},"end":{"line":92,"column":84}}],"line":92},"15":{"loc":{"start":{"line":98,"column":23},"end":{"line":98,"column":76}},"type":"cond-expr","locations":[{"start":{"line":98,"column":45},"end":{"line":98,"column":69}},{"start":{"line":98,"column":72},"end":{"line":98,"column":76}}],"line":98},"16":{"loc":{"start":{"line":99,"column":25},"end":{"line":99,"column":67}},"type":"binary-expr","locations":[{"start":{"line":99,"column":25},"end":{"line":99,"column":45}},{"start":{"line":99,"column":49},"end":{"line":99,"column":59}},{"start":{"line":99,"column":63},"end":{"line":99,"column":67}}],"line":99},"17":{"loc":{"start":{"line":104,"column":20},"end":{"line":104,"column":65}},"type":"binary-expr","locations":[{"start":{"line":104,"column":20},"end":{"line":104,"column":27}},{"start":{"line":104,"column":31},"end":{"line":104,"column":41}},{"start":{"line":104,"column":45},"end":{"line":104,"column":57}},{"start":{"line":104,"column":61},"end":{"line":104,"column":65}}],"line":104},"18":{"loc":{"start":{"line":111,"column":4},"end":{"line":111,"column":32}},"type":"if","locations":[{"start":{"line":111,"column":4},"end":{"line":111,"column":32}},{"start":{},"end":{}}],"line":111},"19":{"loc":{"start":{"line":112,"column":13},"end":{"line":112,"column":31}},"type":"binary-expr","locations":[{"start":{"line":112,"column":13},"end":{"line":112,"column":20}},{"start":{"line":112,"column":24},"end":{"line":112,"column":31}}],"line":112},"20":{"loc":{"start":{"line":115,"column":26},"end":{"line":115,"column":49}},"type":"default-arg","locations":[{"start":{"line":115,"column":47},"end":{"line":115,"column":49}}],"line":115},"21":{"loc":{"start":{"line":115,"column":28},"end":{"line":115,"column":42}},"type":"default-arg","locations":[{"start":{"line":115,"column":38},"end":{"line":115,"column":42}}],"line":115},"22":{"loc":{"start":{"line":118,"column":4},"end":{"line":126,"column":5}},"type":"if","locations":[{"start":{"line":118,"column":4},"end":{"line":126,"column":5}},{"start":{},"end":{}}],"line":118},"23":{"loc":{"start":{"line":121,"column":6},"end":{"line":123,"column":7}},"type":"if","locations":[{"start":{"line":121,"column":6},"end":{"line":123,"column":7}},{"start":{},"end":{}}],"line":121},"24":{"loc":{"start":{"line":128,"column":4},"end":{"line":134,"column":5}},"type":"if","locations":[{"start":{"line":128,"column":4},"end":{"line":134,"column":5}},{"start":{},"end":{}}],"line":128},"25":{"loc":{"start":{"line":135,"column":4},"end":{"line":137,"column":5}},"type":"if","locations":[{"start":{"line":135,"column":4},"end":{"line":137,"column":5}},{"start":{},"end":{}}],"line":135},"26":{"loc":{"start":{"line":142,"column":31},"end":{"line":142,"column":55}},"type":"default-arg","locations":[{"start":{"line":142,"column":53},"end":{"line":142,"column":55}}],"line":142},"27":{"loc":{"start":{"line":142,"column":33},"end":{"line":142,"column":48}},"type":"default-arg","locations":[{"start":{"line":142,"column":43},"end":{"line":142,"column":48}}],"line":142},"28":{"loc":{"start":{"line":144,"column":4},"end":{"line":144,"column":32}},"type":"if","locations":[{"start":{"line":144,"column":4},"end":{"line":144,"column":32}},{"start":{},"end":{}}],"line":144},"29":{"loc":{"start":{"line":148,"column":4},"end":{"line":151,"column":5}},"type":"if","locations":[{"start":{"line":148,"column":4},"end":{"line":151,"column":5}},{"start":{},"end":{}}],"line":148},"30":{"loc":{"start":{"line":153,"column":29},"end":{"line":153,"column":59}},"type":"cond-expr","locations":[{"start":{"line":153,"column":39},"end":{"line":153,"column":48}},{"start":{"line":153,"column":51},"end":{"line":153,"column":59}}],"line":153},"31":{"loc":{"start":{"line":159,"column":4},"end":{"line":159,"column":22}},"type":"if","locations":[{"start":{"line":159,"column":4},"end":{"line":159,"column":22}},{"start":{},"end":{}}],"line":159},"32":{"loc":{"start":{"line":162,"column":13},"end":{"line":162,"column":76}},"type":"cond-expr","locations":[{"start":{"line":162,"column":36},"end":{"line":162,"column":63}},{"start":{"line":162,"column":66},"end":{"line":162,"column":76}}],"line":162},"33":{"loc":{"start":{"line":162,"column":13},"end":{"line":162,"column":33}},"type":"binary-expr","locations":[{"start":{"line":162,"column":13},"end":{"line":162,"column":17}},{"start":{"line":162,"column":21},"end":{"line":162,"column":33}}],"line":162},"34":{"loc":{"start":{"line":162,"column":36},"end":{"line":162,"column":63}},"type":"binary-expr","locations":[{"start":{"line":162,"column":36},"end":{"line":162,"column":49}},{"start":{"line":162,"column":53},"end":{"line":162,"column":63}}],"line":162},"35":{"loc":{"start":{"line":164,"column":17},"end":{"line":164,"column":28}},"type":"binary-expr","locations":[{"start":{"line":164,"column":17},"end":{"line":164,"column":21}},{"start":{"line":164,"column":25},"end":{"line":164,"column":28}}],"line":164},"36":{"loc":{"start":{"line":166,"column":4},"end":{"line":173,"column":5}},"type":"if","locations":[{"start":{"line":166,"column":4},"end":{"line":173,"column":5}},{"start":{},"end":{}}],"line":166},"37":{"loc":{"start":{"line":167,"column":6},"end":{"line":170,"column":29}},"type":"binary-expr","locations":[{"start":{"line":167,"column":6},"end":{"line":167,"column":10}},{"start":{"line":168,"column":6},"end":{"line":168,"column":25}},{"start":{"line":169,"column":6},"end":{"line":169,"column":40}},{"start":{"line":170,"column":6},"end":{"line":170,"column":29}}],"line":167},"38":{"loc":{"start":{"line":174,"column":4},"end":{"line":176,"column":5}},"type":"if","locations":[{"start":{"line":174,"column":4},"end":{"line":176,"column":5}},{"start":{},"end":{}}],"line":174},"39":{"loc":{"start":{"line":174,"column":8},"end":{"line":174,"column":59}},"type":"binary-expr","locations":[{"start":{"line":174,"column":8},"end":{"line":174,"column":12}},{"start":{"line":174,"column":16},"end":{"line":174,"column":59}}],"line":174},"40":{"loc":{"start":{"line":179,"column":6},"end":{"line":179,"column":46}},"type":"if","locations":[{"start":{"line":179,"column":6},"end":{"line":179,"column":46}},{"start":{},"end":{}}],"line":179},"41":{"loc":{"start":{"line":179,"column":10},"end":{"line":179,"column":37}},"type":"binary-expr","locations":[{"start":{"line":179,"column":10},"end":{"line":179,"column":17}},{"start":{"line":179,"column":21},"end":{"line":179,"column":37}}],"line":179},"42":{"loc":{"start":{"line":181,"column":6},"end":{"line":181,"column":53}},"type":"if","locations":[{"start":{"line":181,"column":6},"end":{"line":181,"column":53}},{"start":{},"end":{}}],"line":181},"43":{"loc":{"start":{"line":183,"column":6},"end":{"line":183,"column":48}},"type":"if","locations":[{"start":{"line":183,"column":6},"end":{"line":183,"column":48}},{"start":{},"end":{}}],"line":183},"44":{"loc":{"start":{"line":183,"column":10},"end":{"line":183,"column":39}},"type":"binary-expr","locations":[{"start":{"line":183,"column":10},"end":{"line":183,"column":15}},{"start":{"line":183,"column":19},"end":{"line":183,"column":39}}],"line":183},"45":{"loc":{"start":{"line":185,"column":6},"end":{"line":193,"column":7}},"type":"if","locations":[{"start":{"line":185,"column":6},"end":{"line":193,"column":7}},{"start":{},"end":{}}],"line":185},"46":{"loc":{"start":{"line":186,"column":8},"end":{"line":190,"column":39}},"type":"binary-expr","locations":[{"start":{"line":186,"column":8},"end":{"line":186,"column":37}},{"start":{"line":187,"column":8},"end":{"line":187,"column":34}},{"start":{"line":188,"column":8},"end":{"line":188,"column":41}},{"start":{"line":189,"column":8},"end":{"line":189,"column":35}},{"start":{"line":190,"column":8},"end":{"line":190,"column":39}}],"line":186},"47":{"loc":{"start":{"line":200,"column":6},"end":{"line":200,"column":56}},"type":"if","locations":[{"start":{"line":200,"column":6},"end":{"line":200,"column":56}},{"start":{},"end":{}}],"line":200},"48":{"loc":{"start":{"line":201,"column":6},"end":{"line":201,"column":62}},"type":"if","locations":[{"start":{"line":201,"column":6},"end":{"line":201,"column":62}},{"start":{},"end":{}}],"line":201},"49":{"loc":{"start":{"line":209,"column":4},"end":{"line":209,"column":24}},"type":"if","locations":[{"start":{"line":209,"column":4},"end":{"line":209,"column":24}},{"start":{},"end":{}}],"line":209},"50":{"loc":{"start":{"line":210,"column":20},"end":{"line":210,"column":47}},"type":"binary-expr","locations":[{"start":{"line":210,"column":20},"end":{"line":210,"column":32}},{"start":{"line":210,"column":36},"end":{"line":210,"column":47}}],"line":210},"51":{"loc":{"start":{"line":211,"column":4},"end":{"line":216,"column":5}},"type":"if","locations":[{"start":{"line":211,"column":4},"end":{"line":216,"column":5}},{"start":{},"end":{}}],"line":211},"52":{"loc":{"start":{"line":211,"column":8},"end":{"line":211,"column":43}},"type":"binary-expr","locations":[{"start":{"line":211,"column":8},"end":{"line":211,"column":15}},{"start":{"line":211,"column":19},"end":{"line":211,"column":43}}],"line":211},"53":{"loc":{"start":{"line":215,"column":6},"end":{"line":215,"column":41}},"type":"if","locations":[{"start":{"line":215,"column":6},"end":{"line":215,"column":41}},{"start":{},"end":{}}],"line":215},"54":{"loc":{"start":{"line":223,"column":4},"end":{"line":226,"column":5}},"type":"if","locations":[{"start":{"line":223,"column":4},"end":{"line":226,"column":5}},{"start":{},"end":{}}],"line":223},"55":{"loc":{"start":{"line":227,"column":4},"end":{"line":240,"column":5}},"type":"if","locations":[{"start":{"line":227,"column":4},"end":{"line":240,"column":5}},{"start":{},"end":{}}],"line":227},"56":{"loc":{"start":{"line":228,"column":6},"end":{"line":228,"column":39}},"type":"if","locations":[{"start":{"line":228,"column":6},"end":{"line":228,"column":39}},{"start":{},"end":{}}],"line":228},"57":{"loc":{"start":{"line":243,"column":6},"end":{"line":245,"column":7}},"type":"if","locations":[{"start":{"line":243,"column":6},"end":{"line":245,"column":7}},{"start":{},"end":{}}],"line":243},"58":{"loc":{"start":{"line":248,"column":10},"end":{"line":248,"column":51}},"type":"if","locations":[{"start":{"line":248,"column":10},"end":{"line":248,"column":51}},{"start":{},"end":{}}],"line":248},"59":{"loc":{"start":{"line":248,"column":14},"end":{"line":248,"column":42}},"type":"binary-expr","locations":[{"start":{"line":248,"column":14},"end":{"line":248,"column":19}},{"start":{"line":248,"column":23},"end":{"line":248,"column":42}}],"line":248},"60":{"loc":{"start":{"line":264,"column":19},"end":{"line":264,"column":40}},"type":"binary-expr","locations":[{"start":{"line":264,"column":19},"end":{"line":264,"column":32}},{"start":{"line":264,"column":36},"end":{"line":264,"column":40}}],"line":264},"61":{"loc":{"start":{"line":271,"column":4},"end":{"line":271,"column":28}},"type":"if","locations":[{"start":{"line":271,"column":4},"end":{"line":271,"column":28}},{"start":{},"end":{}}],"line":271},"62":{"loc":{"start":{"line":272,"column":4},"end":{"line":275,"column":5}},"type":"if","locations":[{"start":{"line":272,"column":4},"end":{"line":275,"column":5}},{"start":{},"end":{}}],"line":272},"63":{"loc":{"start":{"line":276,"column":4},"end":{"line":279,"column":5}},"type":"if","locations":[{"start":{"line":276,"column":4},"end":{"line":279,"column":5}},{"start":{},"end":{}}],"line":276},"64":{"loc":{"start":{"line":286,"column":2},"end":{"line":291,"column":3}},"type":"if","locations":[{"start":{"line":286,"column":2},"end":{"line":291,"column":3}},{"start":{"line":288,"column":9},"end":{"line":291,"column":3}}],"line":286},"65":{"loc":{"start":{"line":289,"column":20},"end":{"line":289,"column":41}},"type":"binary-expr","locations":[{"start":{"line":289,"column":20},"end":{"line":289,"column":33}},{"start":{"line":289,"column":37},"end":{"line":289,"column":41}}],"line":289},"66":{"loc":{"start":{"line":299,"column":2},"end":{"line":303,"column":3}},"type":"if","locations":[{"start":{"line":299,"column":2},"end":{"line":303,"column":3}},{"start":{"line":301,"column":9},"end":{"line":303,"column":3}}],"line":299}},"s":{"0":2,"1":2,"2":2,"3":2,"4":2,"5":2,"6":2,"7":14,"8":14,"9":0,"10":0,"11":2,"12":1,"13":1,"14":0,"15":0,"16":0,"17":0,"18":0,"19":34,"20":20,"21":14,"22":14,"23":10,"24":10,"25":10,"26":0,"27":0,"28":0,"29":2,"30":2,"31":1,"32":1,"33":1,"34":0,"35":0,"36":1,"37":9,"38":9,"39":0,"40":3,"41":3,"42":0,"43":3,"44":3,"45":3,"46":2,"47":9,"48":0,"49":0,"50":0,"51":0,"52":0,"53":6,"54":6,"55":0,"56":2,"57":2,"58":2,"59":0,"60":0,"61":0,"62":0,"63":0,"64":0,"65":2,"66":2,"67":0,"68":0,"69":0,"70":0,"71":0,"72":2,"73":0,"74":2,"75":2,"76":2,"77":2,"78":1,"79":1,"80":1,"81":1,"82":1,"83":0,"84":0,"85":1,"86":1,"87":1,"88":7,"89":7,"90":0,"91":7,"92":7,"93":7,"94":7,"95":2,"96":7,"97":7,"98":10,"99":7,"100":7,"101":12,"102":0,"103":12,"104":12,"105":6,"106":6,"107":6,"108":0,"109":6,"110":6,"111":0,"112":6,"113":6,"114":0,"115":6,"116":0,"117":6,"118":3,"119":3,"120":3,"121":3,"122":0,"123":0,"124":0,"125":0,"126":0,"127":0,"128":0,"129":0,"130":0,"131":0,"132":2,"133":0,"134":0,"135":2,"136":0,"137":0,"138":0,"139":0,"140":0,"141":0,"142":0,"143":0,"144":2,"145":2,"146":4,"147":4,"148":4,"149":4,"150":5,"151":3,"152":2,"153":2,"154":2,"155":0,"156":0,"157":4,"158":0,"159":4,"160":0,"161":0,"162":4,"163":0,"164":0,"165":2,"166":2,"167":2,"168":2,"169":0,"170":2,"171":2,"172":2,"173":2,"174":2,"175":2,"176":2,"177":2,"178":2,"179":0,"180":2},"f":{"0":2,"1":14,"2":1,"3":0,"4":34,"5":10,"6":2,"7":9,"8":3,"9":9,"10":0,"11":6,"12":2,"13":2,"14":7,"15":10,"16":12,"17":0,"18":0,"19":0,"20":2,"21":0,"22":4,"23":4,"24":5,"25":0,"26":0,"27":4,"28":2},"b":{"0":[14,0],"1":[0,0],"2":[2,0],"3":[0,0],"4":[0,0],"5":[20,14],"6":[12,2],"7":[10,10],"8":[0,0],"9":[1,1],"10":[0,0],"11":[0,3],"12":[2,1],"13":[3,3],"14":[9,8,8,1],"15":[0,0],"16":[0,0,0],"17":[0,0,0,0],"18":[6,0],"19":[0,0],"20":[0],"21":[0],"22":[0,2],"23":[0,0],"24":[0,2],"25":[0,2],"26":[1],"27":[1],"28":[1,1],"29":[0,1],"30":[1,0],"31":[0,7],"32":[2,5],"33":[7,2],"34":[2,0],"35":[7,5],"36":[2,5],"37":[7,7,2,2],"38":[7,0],"39":[7,7],"40":[0,12],"41":[12,12],"42":[6,6],"43":[0,6],"44":[6,6],"45":[0,6],"46":[6,6,6,6,6],"47":[0,6],"48":[3,3],"49":[0,0],"50":[0,0],"51":[0,0],"52":[0,0],"53":[0,0],"54":[0,2],"55":[0,2],"56":[0,0],"57":[4,0],"58":[3,2],"59":[5,5],"60":[0,0],"61":[0,4],"62":[0,4],"63":[0,4],"64":[0,2],"65":[2,1],"66":[0,2]},"_coverageSchema":"1a1c01bbd47fc00a2c39e90264f33305004495a9","hash":"ce4e7c4cca47464f38069cec7b63cf7668be3b12"}
,"/home/juiceydev/juicebox/public/js/owned.js": {"path":"/home/juiceydev/juicebox/public/js/owned.js","statementMap":{"0":{"start":{"line":13,"column":28},"end":{"line":672,"column":1}},"1":{"start":{"line":19,"column":4},"end":{"line":19,"column":36}},"2":{"start":{"line":19,"column":29},"end":{"line":19,"column":36}},"3":{"start":{"line":20,"column":17},"end":{"line":20,"column":76}},"4":{"start":{"line":21,"column":4},"end":{"line":21,"column":22}},"5":{"start":{"line":21,"column":15},"end":{"line":21,"column":22}},"6":{"start":{"line":22,"column":4},"end":{"line":22,"column":36}},"7":{"start":{"line":23,"column":4},"end":{"line":23,"column":63}},"8":{"start":{"line":23,"column":21},"end":{"line":23,"column":55}},"9":{"start":{"line":24,"column":4},"end":{"line":24,"column":65}},"10":{"start":{"line":40,"column":15},"end":{"line":40,"column":43}},"11":{"start":{"line":41,"column":4},"end":{"line":41,"column":68}},"12":{"start":{"line":42,"column":4},"end":{"line":42,"column":37}},"13":{"start":{"line":42,"column":14},"end":{"line":42,"column":37}},"14":{"start":{"line":43,"column":4},"end":{"line":43,"column":14}},"15":{"start":{"line":46,"column":4},"end":{"line":46,"column":41}},"16":{"start":{"line":46,"column":29},"end":{"line":46,"column":41}},"17":{"start":{"line":47,"column":4},"end":{"line":47,"column":62}},"18":{"start":{"line":50,"column":4},"end":{"line":50,"column":52}},"19":{"start":{"line":50,"column":45},"end":{"line":50,"column":52}},"20":{"start":{"line":51,"column":4},"end":{"line":55,"column":7}},"21":{"start":{"line":52,"column":6},"end":{"line":54,"column":42}},"22":{"start":{"line":54,"column":27},"end":{"line":54,"column":40}},"23":{"start":{"line":58,"column":4},"end":{"line":58,"column":25}},"24":{"start":{"line":59,"column":4},"end":{"line":59,"column":28}},"25":{"start":{"line":59,"column":21},"end":{"line":59,"column":28}},"26":{"start":{"line":60,"column":4},"end":{"line":60,"column":56}},"27":{"start":{"line":61,"column":4},"end":{"line":65,"column":5}},"28":{"start":{"line":62,"column":6},"end":{"line":62,"column":28}},"29":{"start":{"line":64,"column":6},"end":{"line":64,"column":27}},"30":{"start":{"line":69,"column":4},"end":{"line":69,"column":28}},"31":{"start":{"line":69,"column":21},"end":{"line":69,"column":28}},"32":{"start":{"line":70,"column":4},"end":{"line":70,"column":49}},"33":{"start":{"line":71,"column":4},"end":{"line":71,"column":59}},"34":{"start":{"line":71,"column":27},"end":{"line":71,"column":59}},"35":{"start":{"line":72,"column":4},"end":{"line":72,"column":70}},"36":{"start":{"line":72,"column":41},"end":{"line":72,"column":63}},"37":{"start":{"line":76,"column":4},"end":{"line":76,"column":28}},"38":{"start":{"line":76,"column":21},"end":{"line":76,"column":28}},"39":{"start":{"line":77,"column":4},"end":{"line":77,"column":52}},"40":{"start":{"line":78,"column":4},"end":{"line":81,"column":5}},"41":{"start":{"line":79,"column":6},"end":{"line":79,"column":38}},"42":{"start":{"line":80,"column":6},"end":{"line":80,"column":31}},"43":{"start":{"line":85,"column":4},"end":{"line":85,"column":80}},"44":{"start":{"line":85,"column":73},"end":{"line":85,"column":80}},"45":{"start":{"line":86,"column":4},"end":{"line":86,"column":33}},"46":{"start":{"line":87,"column":4},"end":{"line":87,"column":51}},"47":{"start":{"line":88,"column":17},"end":{"line":88,"column":46}},"48":{"start":{"line":89,"column":4},"end":{"line":89,"column":34}},"49":{"start":{"line":90,"column":4},"end":{"line":90,"column":35}},"50":{"start":{"line":91,"column":4},"end":{"line":91,"column":45}},"51":{"start":{"line":92,"column":4},"end":{"line":97,"column":5}},"52":{"start":{"line":92,"column":17},"end":{"line":92,"column":18}},"53":{"start":{"line":93,"column":23},"end":{"line":93,"column":52}},"54":{"start":{"line":94,"column":6},"end":{"line":94,"column":44}},"55":{"start":{"line":95,"column":6},"end":{"line":95,"column":136}},"56":{"start":{"line":96,"column":6},"end":{"line":96,"column":33}},"57":{"start":{"line":98,"column":20},"end":{"line":98,"column":51}},"58":{"start":{"line":99,"column":4},"end":{"line":99,"column":48}},"59":{"start":{"line":100,"column":4},"end":{"line":100,"column":30}},"60":{"start":{"line":101,"column":4},"end":{"line":101,"column":35}},"61":{"start":{"line":102,"column":4},"end":{"line":102,"column":51}},"62":{"start":{"line":106,"column":4},"end":{"line":106,"column":27}},"63":{"start":{"line":106,"column":20},"end":{"line":106,"column":27}},"64":{"start":{"line":107,"column":4},"end":{"line":107,"column":46}},"65":{"start":{"line":111,"column":4},"end":{"line":111,"column":22}},"66":{"start":{"line":111,"column":15},"end":{"line":111,"column":22}},"67":{"start":{"line":112,"column":4},"end":{"line":112,"column":74}},"68":{"start":{"line":113,"column":4},"end":{"line":117,"column":5}},"69":{"start":{"line":114,"column":6},"end":{"line":114,"column":59}},"70":{"start":{"line":115,"column":6},"end":{"line":115,"column":76}},"71":{"start":{"line":115,"column":34},"end":{"line":115,"column":74}},"72":{"start":{"line":116,"column":6},"end":{"line":116,"column":13}},"73":{"start":{"line":118,"column":4},"end":{"line":118,"column":67}},"74":{"start":{"line":118,"column":32},"end":{"line":118,"column":65}},"75":{"start":{"line":122,"column":4},"end":{"line":122,"column":35}},"76":{"start":{"line":122,"column":18},"end":{"line":122,"column":35}},"77":{"start":{"line":123,"column":4},"end":{"line":123,"column":47}},"78":{"start":{"line":123,"column":18},"end":{"line":123,"column":47}},"79":{"start":{"line":124,"column":4},"end":{"line":124,"column":79}},"80":{"start":{"line":124,"column":20},"end":{"line":124,"column":79}},"81":{"start":{"line":125,"column":4},"end":{"line":126,"column":76}},"82":{"start":{"line":126,"column":6},"end":{"line":126,"column":76}},"83":{"start":{"line":127,"column":4},"end":{"line":127,"column":78}},"84":{"start":{"line":131,"column":4},"end":{"line":140,"column":18}},"85":{"start":{"line":133,"column":21},"end":{"line":133,"column":48}},"86":{"start":{"line":134,"column":24},"end":{"line":134,"column":42}},"87":{"start":{"line":135,"column":22},"end":{"line":135,"column":38}},"88":{"start":{"line":136,"column":25},"end":{"line":136,"column":44}},"89":{"start":{"line":137,"column":20},"end":{"line":137,"column":34}},"90":{"start":{"line":138,"column":8},"end":{"line":138,"column":61}},"91":{"start":{"line":144,"column":4},"end":{"line":144,"column":27}},"92":{"start":{"line":144,"column":20},"end":{"line":144,"column":27}},"93":{"start":{"line":145,"column":17},"end":{"line":145,"column":74}},"94":{"start":{"line":146,"column":4},"end":{"line":146,"column":22}},"95":{"start":{"line":146,"column":15},"end":{"line":146,"column":22}},"96":{"start":{"line":148,"column":4},"end":{"line":148,"column":31}},"97":{"start":{"line":149,"column":4},"end":{"line":149,"column":30}},"98":{"start":{"line":151,"column":4},"end":{"line":157,"column":7}},"99":{"start":{"line":152,"column":19},"end":{"line":152,"column":36}},"100":{"start":{"line":153,"column":6},"end":{"line":156,"column":7}},"101":{"start":{"line":154,"column":8},"end":{"line":154,"column":67}},"102":{"start":{"line":155,"column":8},"end":{"line":155,"column":42}},"103":{"start":{"line":161,"column":4},"end":{"line":161,"column":60}},"104":{"start":{"line":161,"column":53},"end":{"line":161,"column":60}},"105":{"start":{"line":162,"column":17},"end":{"line":162,"column":74}},"106":{"start":{"line":163,"column":4},"end":{"line":163,"column":22}},"107":{"start":{"line":163,"column":15},"end":{"line":163,"column":22}},"108":{"start":{"line":165,"column":23},"end":{"line":165,"column":25}},"109":{"start":{"line":168,"column":4},"end":{"line":211,"column":7}},"110":{"start":{"line":169,"column":19},"end":{"line":169,"column":36}},"111":{"start":{"line":170,"column":22},"end":{"line":170,"column":50}},"112":{"start":{"line":172,"column":6},"end":{"line":210,"column":7}},"113":{"start":{"line":173,"column":24},"end":{"line":173,"column":52}},"114":{"start":{"line":174,"column":23},"end":{"line":174,"column":50}},"115":{"start":{"line":175,"column":23},"end":{"line":175,"column":48}},"116":{"start":{"line":177,"column":8},"end":{"line":197,"column":9}},"117":{"start":{"line":178,"column":10},"end":{"line":178,"column":71}},"118":{"start":{"line":179,"column":10},"end":{"line":179,"column":41}},"119":{"start":{"line":181,"column":10},"end":{"line":185,"column":13}},"120":{"start":{"line":182,"column":12},"end":{"line":183,"column":63}},"121":{"start":{"line":184,"column":12},"end":{"line":184,"column":38}},"122":{"start":{"line":187,"column":10},"end":{"line":196,"column":12}},"123":{"start":{"line":189,"column":30},"end":{"line":192,"column":15}},"124":{"start":{"line":190,"column":16},"end":{"line":190,"column":67}},"125":{"start":{"line":191,"column":16},"end":{"line":191,"column":26}},"126":{"start":{"line":193,"column":14},"end":{"line":193,"column":62}},"127":{"start":{"line":194,"column":14},"end":{"line":194,"column":39}},"128":{"start":{"line":200,"column":8},"end":{"line":200,"column":33}},"129":{"start":{"line":201,"column":8},"end":{"line":201,"column":44}},"130":{"start":{"line":202,"column":8},"end":{"line":202,"column":39}},"131":{"start":{"line":204,"column":8},"end":{"line":209,"column":11}},"132":{"start":{"line":205,"column":10},"end":{"line":206,"column":85}},"133":{"start":{"line":207,"column":10},"end":{"line":207,"column":34}},"134":{"start":{"line":208,"column":10},"end":{"line":208,"column":36}},"135":{"start":{"line":214,"column":4},"end":{"line":235,"column":7}},"136":{"start":{"line":215,"column":6},"end":{"line":234,"column":7}},"137":{"start":{"line":216,"column":24},"end":{"line":216,"column":51}},"138":{"start":{"line":217,"column":8},"end":{"line":233,"column":9}},"139":{"start":{"line":218,"column":10},"end":{"line":219,"column":61}},"140":{"start":{"line":220,"column":10},"end":{"line":220,"column":38}},"141":{"start":{"line":221,"column":10},"end":{"line":221,"column":50}},"142":{"start":{"line":223,"column":10},"end":{"line":232,"column":12}},"143":{"start":{"line":225,"column":14},"end":{"line":230,"column":22}},"144":{"start":{"line":226,"column":16},"end":{"line":228,"column":17}},"145":{"start":{"line":227,"column":18},"end":{"line":227,"column":35}},"146":{"start":{"line":229,"column":16},"end":{"line":229,"column":26}},"147":{"start":{"line":237,"column":4},"end":{"line":237,"column":35}},"148":{"start":{"line":241,"column":4},"end":{"line":241,"column":33}},"149":{"start":{"line":241,"column":20},"end":{"line":241,"column":33}},"150":{"start":{"line":242,"column":17},"end":{"line":242,"column":74}},"151":{"start":{"line":243,"column":4},"end":{"line":243,"column":28}},"152":{"start":{"line":243,"column":15},"end":{"line":243,"column":28}},"153":{"start":{"line":245,"column":26},"end":{"line":247,"column":5}},"154":{"start":{"line":248,"column":26},"end":{"line":248,"column":72}},"155":{"start":{"line":248,"column":54},"end":{"line":248,"column":71}},"156":{"start":{"line":252,"column":6},"end":{"line":253,"column":51}},"157":{"start":{"line":253,"column":25},"end":{"line":253,"column":50}},"158":{"start":{"line":255,"column":4},"end":{"line":255,"column":31}},"159":{"start":{"line":255,"column":18},"end":{"line":255,"column":31}},"160":{"start":{"line":258,"column":4},"end":{"line":258,"column":28}},"161":{"start":{"line":260,"column":19},"end":{"line":260,"column":36}},"162":{"start":{"line":261,"column":20},"end":{"line":261,"column":29}},"163":{"start":{"line":262,"column":4},"end":{"line":262,"column":74}},"164":{"start":{"line":262,"column":36},"end":{"line":262,"column":72}},"165":{"start":{"line":265,"column":21},"end":{"line":265,"column":54}},"166":{"start":{"line":266,"column":4},"end":{"line":325,"column":7}},"167":{"start":{"line":267,"column":19},"end":{"line":267,"column":36}},"168":{"start":{"line":268,"column":6},"end":{"line":268,"column":24}},"169":{"start":{"line":268,"column":17},"end":{"line":268,"column":24}},"170":{"start":{"line":270,"column":19},"end":{"line":270,"column":49}},"171":{"start":{"line":271,"column":21},"end":{"line":271,"column":47}},"172":{"start":{"line":272,"column":6},"end":{"line":276,"column":7}},"173":{"start":{"line":273,"column":8},"end":{"line":273,"column":34}},"174":{"start":{"line":275,"column":8},"end":{"line":275,"column":32}},"175":{"start":{"line":277,"column":6},"end":{"line":281,"column":7}},"176":{"start":{"line":278,"column":8},"end":{"line":278,"column":40}},"177":{"start":{"line":280,"column":8},"end":{"line":280,"column":34}},"178":{"start":{"line":283,"column":24},"end":{"line":283,"column":57}},"179":{"start":{"line":284,"column":26},"end":{"line":284,"column":73}},"180":{"start":{"line":286,"column":8},"end":{"line":286,"column":64}},"181":{"start":{"line":288,"column":21},"end":{"line":288,"column":48}},"182":{"start":{"line":289,"column":6},"end":{"line":292,"column":7}},"183":{"start":{"line":290,"column":8},"end":{"line":290,"column":41}},"184":{"start":{"line":291,"column":8},"end":{"line":291,"column":33}},"185":{"start":{"line":294,"column":20},"end":{"line":294,"column":46}},"186":{"start":{"line":295,"column":6},"end":{"line":295,"column":69}},"187":{"start":{"line":295,"column":17},"end":{"line":295,"column":69}},"188":{"start":{"line":297,"column":20},"end":{"line":297,"column":23}},"189":{"start":{"line":299,"column":8},"end":{"line":303,"column":16}},"190":{"start":{"line":304,"column":6},"end":{"line":310,"column":7}},"191":{"start":{"line":305,"column":22},"end":{"line":305,"column":39}},"192":{"start":{"line":306,"column":23},"end":{"line":306,"column":38}},"193":{"start":{"line":307,"column":8},"end":{"line":307,"column":69}},"194":{"start":{"line":308,"column":13},"end":{"line":310,"column":7}},"195":{"start":{"line":309,"column":8},"end":{"line":309,"column":20}},"196":{"start":{"line":312,"column":21},"end":{"line":312,"column":51}},"197":{"start":{"line":313,"column":6},"end":{"line":316,"column":7}},"198":{"start":{"line":314,"column":8},"end":{"line":314,"column":56}},"199":{"start":{"line":315,"column":8},"end":{"line":315,"column":54}},"200":{"start":{"line":318,"column":24},"end":{"line":318,"column":62}},"201":{"start":{"line":319,"column":6},"end":{"line":322,"column":7}},"202":{"start":{"line":320,"column":25},"end":{"line":320,"column":55}},"203":{"start":{"line":321,"column":8},"end":{"line":321,"column":69}},"204":{"start":{"line":321,"column":42},"end":{"line":321,"column":69}},"205":{"start":{"line":324,"column":6},"end":{"line":324,"column":33}},"206":{"start":{"line":327,"column":4},"end":{"line":327,"column":31}},"207":{"start":{"line":330,"column":4},"end":{"line":330,"column":38}},"208":{"start":{"line":332,"column":4},"end":{"line":332,"column":16}},"209":{"start":{"line":336,"column":4},"end":{"line":336,"column":27}},"210":{"start":{"line":336,"column":20},"end":{"line":336,"column":27}},"211":{"start":{"line":337,"column":4},"end":{"line":339,"column":5}},"212":{"start":{"line":338,"column":6},"end":{"line":338,"column":30}},"213":{"start":{"line":340,"column":4},"end":{"line":340,"column":55}},"214":{"start":{"line":341,"column":25},"end":{"line":341,"column":55}},"215":{"start":{"line":343,"column":6},"end":{"line":344,"column":35}},"216":{"start":{"line":345,"column":4},"end":{"line":348,"column":5}},"217":{"start":{"line":346,"column":6},"end":{"line":346,"column":36}},"218":{"start":{"line":347,"column":6},"end":{"line":347,"column":34}},"219":{"start":{"line":349,"column":4},"end":{"line":349,"column":24}},"220":{"start":{"line":350,"column":4},"end":{"line":354,"column":5}},"221":{"start":{"line":351,"column":22},"end":{"line":351,"column":49}},"222":{"start":{"line":352,"column":6},"end":{"line":352,"column":32}},"223":{"start":{"line":353,"column":6},"end":{"line":353,"column":37}},"224":{"start":{"line":355,"column":19},"end":{"line":355,"column":36}},"225":{"start":{"line":356,"column":23},"end":{"line":444,"column":5}},"226":{"start":{"line":357,"column":19},"end":{"line":357,"column":46}},"227":{"start":{"line":358,"column":19},"end":{"line":358,"column":48}},"228":{"start":{"line":359,"column":6},"end":{"line":359,"column":36}},"229":{"start":{"line":360,"column":6},"end":{"line":360,"column":28}},"230":{"start":{"line":362,"column":21},"end":{"line":362,"column":47}},"231":{"start":{"line":363,"column":6},"end":{"line":363,"column":49}},"232":{"start":{"line":363,"column":23},"end":{"line":363,"column":49}},"233":{"start":{"line":364,"column":6},"end":{"line":364,"column":54}},"234":{"start":{"line":364,"column":22},"end":{"line":364,"column":54}},"235":{"start":{"line":366,"column":24},"end":{"line":366,"column":57}},"236":{"start":{"line":367,"column":26},"end":{"line":367,"column":70}},"237":{"start":{"line":368,"column":24},"end":{"line":368,"column":71}},"238":{"start":{"line":370,"column":20},"end":{"line":370,"column":23}},"239":{"start":{"line":372,"column":8},"end":{"line":376,"column":16}},"240":{"start":{"line":377,"column":6},"end":{"line":383,"column":7}},"241":{"start":{"line":378,"column":22},"end":{"line":378,"column":39}},"242":{"start":{"line":379,"column":23},"end":{"line":379,"column":38}},"243":{"start":{"line":380,"column":8},"end":{"line":380,"column":69}},"244":{"start":{"line":381,"column":13},"end":{"line":383,"column":7}},"245":{"start":{"line":382,"column":8},"end":{"line":382,"column":20}},"246":{"start":{"line":385,"column":6},"end":{"line":393,"column":33}},"247":{"start":{"line":395,"column":24},"end":{"line":395,"column":55}},"248":{"start":{"line":396,"column":6},"end":{"line":396,"column":30}},"249":{"start":{"line":397,"column":6},"end":{"line":397,"column":32}},"250":{"start":{"line":398,"column":6},"end":{"line":398,"column":41}},"251":{"start":{"line":399,"column":6},"end":{"line":399,"column":52}},"252":{"start":{"line":400,"column":6},"end":{"line":400,"column":52}},"253":{"start":{"line":401,"column":6},"end":{"line":401,"column":79}},"254":{"start":{"line":402,"column":6},"end":{"line":405,"column":9}},"255":{"start":{"line":403,"column":8},"end":{"line":403,"column":27}},"256":{"start":{"line":404,"column":8},"end":{"line":404,"column":67}},"257":{"start":{"line":404,"column":52},"end":{"line":404,"column":65}},"258":{"start":{"line":406,"column":6},"end":{"line":406,"column":34}},"259":{"start":{"line":408,"column":22},"end":{"line":408,"column":54}},"260":{"start":{"line":409,"column":6},"end":{"line":409,"column":34}},"261":{"start":{"line":410,"column":6},"end":{"line":410,"column":30}},"262":{"start":{"line":411,"column":6},"end":{"line":411,"column":33}},"263":{"start":{"line":412,"column":6},"end":{"line":412,"column":41}},"264":{"start":{"line":413,"column":6},"end":{"line":415,"column":8}},"265":{"start":{"line":414,"column":8},"end":{"line":414,"column":78}},"266":{"start":{"line":414,"column":64},"end":{"line":414,"column":77}},"267":{"start":{"line":417,"column":21},"end":{"line":417,"column":53}},"268":{"start":{"line":418,"column":
[...]
":0,"955":0,"956":0,"957":0,"958":0,"959":0,"960":0,"961":0,"962":0,"963":0,"964":0,"965":0,"966":0,"967":0,"968":0,"969":0,"970":0,"971":0,"972":0,"973":0,"974":0,"975":0,"976":0,"977":0,"978":0,"979":0,"980":0,"981":0,"982":0,"983":0,"984":0,"985":0,"986":0,"987":0,"988":0,"989":0,"990":0,"991":0,"992":0,"993":0,"994":0,"995":0,"996":0,"997":0,"998":0,"999":0,"1000":0,"1001":0,"1002":0,"1003":0,"1004":0,"1005":0,"1006":0,"1007":0,"1008":0,"1009":0,"1010":0,"1011":0,"1012":0,"1013":0,"1014":0,"1015":0,"1016":0,"1017":0,"1018":0,"1019":0,"1020":0,"1021":0,"1022":0,"1023":0,"1024":0,"1025":0,"1026":0,"1027":0,"1028":0,"1029":0,"1030":0,"1031":0,"1032":0,"1033":0,"1034":0,"1035":0,"1036":0,"1037":0,"1038":0,"1039":0,"1040":0,"1041":0,"1042":0,"1043":0,"1044":0,"1045":0,"1046":0,"1047":0,"1048":0,"1049":0,"1050":0,"1051":0,"1052":0,"1053":0,"1054":0,"1055":0,"1056":0,"1057":0,"1058":0,"1059":0,"1060":0,"1061":0,"1062":0,"1063":0,"1064":0,"1065":0,"1066":0,"1067":0,"1068":0,"1069":0,"1070":0,"1071":0},"f":{"0":16,"1":18,"2":0,"3":0,"4":0,"5":0,"6":0,"7":0,"8":0,"9":0,"10":0,"11":0,"12":0,"13":0,"14":0,"15":0,"16":0,"17":0,"18":0,"19":0,"20":0,"21":0,"22":0,"23":0,"24":0,"25":0,"26":0,"27":0,"28":0,"29":0,"30":0,"31":0,"32":0,"33":0,"34":0,"35":0,"36":0,"37":0,"38":0,"39":0,"40":0,"41":0,"42":0,"43":0,"44":0,"45":0,"46":0,"47":0,"48":0,"49":0,"50":0,"51":0,"52":0,"53":0,"54":0,"55":0,"56":0,"57":0,"58":0,"59":0,"60":0,"61":0,"62":0,"63":0,"64":0,"65":0,"66":0,"67":0,"68":0,"69":0,"70":0,"71":0,"72":0,"73":0,"74":0,"75":0,"76":0,"77":0,"78":0,"79":0,"80":0,"81":0,"82":0,"83":0,"84":0,"85":0,"86":0,"87":0,"88":0,"89":0,"90":0,"91":0,"92":0,"93":0,"94":0,"95":0,"96":0,"97":0,"98":0},"b":{"0":[2,2],"1":[1,15],"2":[4,11],"3":[15,6],"4":[2,13],"5":[15,3],"6":[6,12],"7":[18,6],"8":[9,9],"9":[0,0],"10":[0,0],"11":[0,0],"12":[0,0],"13":[0,0],"14":[0,0],"15":[0,0],"16":[0,0],"17":[0,0],"18":[0],"19":[0,0],"20":[0],"21":[0],"22":[0,0],"23":[0,0],"24":[0,0],"25":[0,0],"26":[0,0],"27":[0,0],"28":[0],"29":[0,0],"30":[0,0],"31":[0,0],"32":[0,0],"33":[0,0],"34":[0,0],"35":[0,0],"36":[0,0],"37":[0,0],"38":[0,0],"39":[0,0],"40":[0,0],"41":[0,0],"42":[0,0],"43":[0,0],"44":[0,0],"45":[0,0],"46":[0,0],"47":[0,0],"48":[0,0],"49":[0,0],"50":[0,0,0,0],"51":[0,0],"52":[0,0,0,0,0],"53":[0,0],"54":[0,0],"55":[0,0],"56":[0,0,0,0,0,0],"57":[0,0],"58":[0,0],"59":[0,0],"60":[0,0],"61":[0,0],"62":[0,0],"63":[0],"64":[0,0],"65":[0,0],"66":[0,0],"67":[0,0,0],"68":[0,0],"69":[0,0],"70":[0,0],"71":[0,0],"72":[0,0],"73":[0,0],"74":[0,0],"75":[0,0],"76":[0,0],"77":[0,0],"78":[0,0],"79":[0,0],"80":[0,0],"81":[0,0],"82":[0,0],"83":[0,0],"84":[0,0],"85":[0,0],"86":[0,0],"87":[0,0],"88":[0,0],"89":[0,0],"90":[0,0],"91":[0,0],"92":[0,0],"93":[0,0],"94":[0,0],"95":[0,0],"96":[0,0],"97":[0,0],"98":[0,0],"99":[0,0],"100":[0,0],"101":[0,0],"102":[0,0],"103":[0,0],"104":[0,0],"105":[0,0],"106":[0,0],"107":[0,0],"108":[0,0],"109":[0,0],"110":[0,0],"111":[0,0],"112":[0,0],"113":[0,0],"114":[0,0],"115":[0,0],"116":[0,0],"117":[0,0],"118":[0,0],"119":[0,0],"120":[0,0],"121":[0,0],"122":[0,0,0],"123":[0,0],"124":[0,0,0],"125":[0,0],"126":[0,0],"127":[0,0],"128":[0,0],"129":[0,0],"130":[0,0],"131":[0,0],"132":[0,0],"133":[0,0],"134":[0,0],"135":[0,0],"136":[0,0],"137":[0,0],"138":[0,0],"139":[0,0],"140":[0,0],"141":[0,0],"142":[0,0],"143":[0,0],"144":[0,0],"145":[0,0],"146":[0,0],"147":[0,0],"148":[0,0],"149":[0,0],"150":[0],"151":[0],"152":[0,0],"153":[0,0],"154":[0,0],"155":[0,0],"156":[0,0],"157":[0,0],"158":[0,0],"159":[0,0],"160":[0,0],"161":[0,0],"162":[0,0],"163":[0,0],"164":[0,0],"165":[0,0,0],"166":[0,0],"167":[0,0],"168":[0,0,0],"169":[0,0],"170":[0,0],"171":[0,0],"172":[0],"173":[0,0],"174":[0,0],"175":[0,0],"176":[0],"177":[0],"178":[0],"179":[0],"180":[0,0],"181":[0,0],"182":[0,0],"183":[0,0],"184":[0,0],"185":[0,0],"186":[0,0],"187":[0,0],"188":[0,0],"189":[0,0,0],"190":[0,0],"191":[0,0],"192":[0,0],"193":[0,0],"194":[0,0],"195":[0,0],"196":[0,0],"197":[0,0],"198":[0,0],"199":[0,0],"200":[0,0],"201":[0,0],"202":[0,0],"203":[0,0],"204":[0,0,0],"205":[0,0],"206":[0,0],"207":[0,0],"208":[0,0],"209":[0,0],"210":[0,0],"211":[0,0],"212":[0,0],"213":[0,0],"214":[0,0],"215":[0,0],"216":[0,0],"217":[0,0],"218":[0,0],"219":[0,0],"220":[0,0],"221":[0,0],"222":[0,0],"223":[0,0],"224":[0,0],"225":[0,0],"226":[0,0],"227":[0,0],"228":[0,0],"229":[0,0],"230":[0,0],"231":[0,0],"232":[0,0],"233":[0,0],"234":[0,0],"235":[0,0],"236":[0,0],"237":[0,0],"238":[0,0],"239":[0,0],"240":[0,0],"241":[0,0],"242":[0,0],"243":[0,0],"244":[0,0],"245":[0,0],"246":[0,0],"247":[0,0],"248":[0,0],"249":[0,0],"250":[0,0],"251":[0,0],"252":[0,0],"253":[0,0],"254":[0,0],"255":[0,0],"256":[0,0],"257":[0,0],"258":[0,0],"259":[0,0],"260":[0,0],"261":[0,0],"262":[0,0],"263":[0,0],"264":[0,0,0,0],"265":[0,0],"266":[0,0],"267":[0,0],"268":[0,0],"269":[0,0],"270":[0,0,0,0],"271":[0,0],"272":[0,0],"273":[0,0],"274":[0,0],"275":[0,0],"276":[0,0],"277":[0,0],"278":[0,0],"279":[0,0],"280":[0,0],"281":[0,0],"282":[0,0],"283":[0,0],"284":[0,0],"285":[0,0],"286":[0,0],"287":[0,0],"288":[0,0],"289":[0,0],"290":[0,0],"291":[0,0],"292":[0,0],"293":[0,0],"294":[0,0],"295":[0,0],"296":[0,0],"297":[0,0,0],"298":[0,0],"299":[0,0],"300":[0,0],"301":[0,0],"302":[0,0],"303":[0,0],"304":[0,0],"305":[0,0,0],"306":[0,0],"307":[0,0],"308":[0,0],"309":[0,0],"310":[0,0],"311":[0,0],"312":[0,0],"313":[0,0],"314":[0,0],"315":[0,0],"316":[0,0],"317":[0,0],"318":[0,0],"319":[0,0],"320":[0,0],"321":[0,0],"322":[0,0],"323":[0,0],"324":[0,0],"325":[0,0],"326":[0,0],"327":[0,0],"328":[0,0],"329":[0,0,0],"330":[0,0],"331":[0,0],"332":[0,0],"333":[0,0],"334":[0,0],"335":[0,0],"336":[0,0],"337":[0,0],"338":[0,0],"339":[0,0],"340":[0,0],"341":[0,0],"342":[0,0],"343":[0,0],"344":[0,0],"345":[0,0],"346":[0,0],"347":[0],"348":[0,0],"349":[0,0],"350":[0,0],"351":[0],"352":[0,0],"353":[0,0],"354":[0,0],"355":[0,0],"356":[0,0],"357":[0,0],"358":[0,0],"359":[0,0],"360":[0,0],"361":[0,0],"362":[0,0],"363":[0,0],"364":[0,0],"365":[0,0],"366":[0,0],"367":[0,0],"368":[0,0],"369":[0,0,0],"370":[0,0],"371":[0,0],"372":[0,0],"373":[0,0],"374":[0,0],"375":[0,0],"376":[0,0],"377":[0,0],"378":[0,0],"379":[0,0],"380":[0,0]},"_coverageSchema":"1a1c01bbd47fc00a2c39e90264f33305004495a9","hash":"708b5b3ef37d804ac3a54dbfa99ef5d6510c086c"}
,"/home/juiceydev/juicebox/public/js/utils.js": {"path":"/home/juiceydev/juicebox/public/js/utils.js","statementMap":{"0":{"start":{"line":8,"column":11},"end":{"line":8,"column":46}},"1":{"start":{"line":9,"column":2},"end":{"line":13,"column":3}},"2":{"start":{"line":10,"column":4},"end":{"line":10,"column":39}},"3":{"start":{"line":11,"column":4},"end":{"line":11,"column":23}},"4":{"start":{"line":12,"column":4},"end":{"line":12,"column":34}},"5":{"start":{"line":14,"column":2},"end":{"line":14,"column":23}},"6":{"start":{"line":15,"column":2},"end":{"line":15,"column":31}},"7":{"start":{"line":16,"column":2},"end":{"line":16,"column":27}},"8":{"start":{"line":17,"column":2},"end":{"line":17,"column":31}},"9":{"start":{"line":18,"column":2},"end":{"line":18,"column":71}},"10":{"start":{"line":18,"column":36},"end":{"line":18,"column":63}},"11":{"start":{"line":26,"column":2},"end":{"line":28,"column":5}},"12":{"start":{"line":27,"column":4},"end":{"line":27,"column":95}},"13":{"start":{"line":27,"column":27},"end":{"line":27,"column":95}},"14":{"start":{"line":31,"column":2},"end":{"line":33,"column":5}},"15":{"start":{"line":32,"column":4},"end":{"line":32,"column":36}},"16":{"start":{"line":32,"column":21},"end":{"line":32,"column":36}},"17":{"start":{"line":36,"column":2},"end":{"line":38,"column":5}},"18":{"start":{"line":37,"column":4},"end":{"line":37,"column":57}},"19":{"start":{"line":37,"column":39},"end":{"line":37,"column":57}},"20":{"start":{"line":47,"column":2},"end":{"line":58,"column":3}},"21":{"start":{"line":48,"column":4},"end":{"line":48,"column":46}},"22":{"start":{"line":50,"column":15},"end":{"line":50,"column":49}},"23":{"start":{"line":51,"column":4},"end":{"line":51,"column":20}},"24":{"start":{"line":52,"column":4},"end":{"line":52,"column":34}},"25":{"start":{"line":53,"column":4},"end":{"line":53,"column":16}},"26":{"start":{"line":54,"column":4},"end":{"line":56,"column":14}},"27":{"start":{"line":55,"column":6},"end":{"line":55,"column":35}},"28":{"start":{"line":57,"column":4},"end":{"line":57,"column":34}},"29":{"start":{"line":67,"column":2},"end":{"line":67,"column":40}},"30":{"start":{"line":67,"column":29},"end":{"line":67,"column":40}},"31":{"start":{"line":68,"column":2},"end":{"line":68,"column":28}},"32":{"start":{"line":68,"column":15},"end":{"line":68,"column":28}},"33":{"start":{"line":69,"column":12},"end":{"line":69,"column":16}},"34":{"start":{"line":70,"column":12},"end":{"line":70,"column":41}},"35":{"start":{"line":71,"column":12},"end":{"line":71,"column":73}},"36":{"start":{"line":72,"column":2},"end":{"line":72,"column":62}},"37":{"start":{"line":81,"column":2},"end":{"line":81,"column":20}},"38":{"start":{"line":82,"column":2},"end":{"line":82,"column":63}},"39":{"start":{"line":82,"column":25},"end":{"line":82,"column":63}},"40":{"start":{"line":83,"column":11},"end":{"line":83,"column":46}},"41":{"start":{"line":84,"column":2},"end":{"line":88,"column":3}},"42":{"start":{"line":85,"column":4},"end":{"line":85,"column":39}},"43":{"start":{"line":86,"column":4},"end":{"line":86,"column":23}},"44":{"start":{"line":87,"column":4},"end":{"line":87,"column":34}},"45":{"start":{"line":89,"column":2},"end":{"line":89,"column":23}},"46":{"start":{"line":90,"column":2},"end":{"line":90,"column":36}},"47":{"start":{"line":91,"column":2},"end":{"line":91,"column":29}},"48":{"start":{"line":92,"column":2},"end":{"line":92,"column":78}},"49":{"start":{"line":92,"column":34},"end":{"line":92,"column":70}},"50":{"start":{"line":94,"column":19},"end":{"line":94,"column":54}},"51":{"start":{"line":95,"column":2},"end":{"line":102,"column":3}},"52":{"start":{"line":96,"column":4},"end":{"line":96,"column":36}},"53":{"start":{"line":97,"column":4},"end":{"line":101,"column":6}},"54":{"start":{"line":99,"column":12},"end":{"line":99,"column":46}},"55":{"start":{"line":103,"column":2},"end":{"line":103,"column":46}},"56":{"start":{"line":103,"column":24},"end":{"line":103,"column":46}},"57":{"start":{"line":112,"column":2},"end":{"line":122,"column":4}},"58":{"start":{"line":131,"column":2},"end":{"line":134,"column":3}},"59":{"start":{"line":132,"column":4},"end":{"line":132,"column":15}},"60":{"start":{"line":133,"column":4},"end":{"line":133,"column":11}},"61":{"start":{"line":136,"column":15},"end":{"line":136,"column":41}},"62":{"start":{"line":137,"column":13},"end":{"line":137,"column":33}},"63":{"start":{"line":138,"column":2},"end":{"line":138,"column":55}},"64":{"start":{"line":139,"column":2},"end":{"line":139,"column":50}},"65":{"start":{"line":140,"column":2},"end":{"line":140,"column":53}},"66":{"start":{"line":141,"column":2},"end":{"line":141,"column":51}},"67":{"start":{"line":142,"column":2},"end":{"line":142,"column":54}},"68":{"start":{"line":143,"column":2},"end":{"line":143,"column":31}},"69":{"start":{"line":144,"column":2},"end":{"line":153,"column":4}},"70":{"start":{"line":147,"column":6},"end":{"line":149,"column":16}},"71":{"start":{"line":148,"column":8},"end":{"line":148,"column":20}},"72":{"start":{"line":150,"column":6},"end":{"line":150,"column":17}},"73":{"start":{"line":162,"column":2},"end":{"line":172,"column":4}},"74":{"start":{"line":165,"column":7},"end":{"line":171,"column":10}}},"fnMap":{"0":{"name":"flashCopied","decl":{"start":{"line":7,"column":16},"end":{"line":7,"column":27}},"loc":{"start":{"line":7,"column":49},"end":{"line":19,"column":1}},"line":7},"1":{"name":"(anonymous_1)","decl":{"start":{"line":18,"column":30},"end":{"line":18,"column":31}},"loc":{"start":{"line":18,"column":36},"end":{"line":18,"column":63}},"line":18},"2":{"name":"setupBfcacheSupport","decl":{"start":{"line":24,"column":16},"end":{"line":24,"column":35}},"loc":{"start":{"line":24,"column":74},"end":{"line":39,"column":1}},"line":24},"3":{"name":"(anonymous_3)","decl":{"start":{"line":26,"column":36},"end":{"line":26,"column":37}},"loc":{"start":{"line":26,"column":42},"end":{"line":28,"column":3}},"line":26},"4":{"name":"(anonymous_4)","decl":{"start":{"line":31,"column":38},"end":{"line":31,"column":39}},"loc":{"start":{"line":31,"column":45},"end":{"line":33,"column":3}},"line":31},"5":{"name":"(anonymous_5)","decl":{"start":{"line":36,"column":38},"end":{"line":36,"column":39}},"loc":{"start":{"line":36,"column":45},"end":{"line":38,"column":3}},"line":36},"6":{"name":"copyToClipboard","decl":{"start":{"line":46,"column":22},"end":{"line":46,"column":37}},"loc":{"start":{"line":46,"column":44},"end":{"line":59,"column":1}},"line":46},"7":{"name":"fmtBytes","decl":{"start":{"line":66,"column":16},"end":{"line":66,"column":24}},"loc":{"start":{"line":66,"column":28},"end":{"line":73,"column":1}},"line":66},"8":{"name":"showSnack","decl":{"start":{"line":80,"column":16},"end":{"line":80,"column":25}},"loc":{"start":{"line":80,"column":37},"end":{"line":104,"column":1}},"line":80},"9":{"name":"(anonymous_9)","decl":{"start":{"line":92,"column":28},"end":{"line":92,"column":29}},"loc":{"start":{"line":92,"column":34},"end":{"line":92,"column":70}},"line":92},"10":{"name":"(anonymous_10)","decl":{"start":{"line":99,"column":6},"end":{"line":99,"column":7}},"loc":{"start":{"line":99,"column":12},"end":{"line":99,"column":46}},"line":99},"11":{"name":"ttlCodeSeconds","decl":{"start":{"line":111,"column":16},"end":{"line":111,"column":30}},"loc":{"start":{"line":111,"column":37},"end":{"line":123,"column":1}},"line":111},"12":{"name":"animateRemove","decl":{"start":{"line":130,"column":16},"end":{"line":130,"column":29}},"loc":{"start":{"line":130,"column":38},"end":{"line":154,"column":1}},"line":130},"13":{"name":"(anonymous_13)","decl":{"start":{"line":146,"column":4},"end":{"line":146,"column":5}},"loc":{"start":{"line":146,"column":10},"end":{"line":151,"column":5}},"line":146},"14":{"name":"escapeHtml","decl":{"start":{"line":161,"column":16},"end":{"line":161,"column":26}},"loc":{"start":{"line":161,"column":30},"end":{"line":173,"column":1}},"line":161},"15":{"name":"(anonymous_15)","decl":{"start":{"line":164,"column":4},"end":{"line":164,"column":5}},"loc":{"start":{"line":165,"column":7},"end":{"line":171,"column":10}},"line":165}},"branchMap":{"0":{"loc":{"start":{"line":7,"column":28},"end":{"line":7,"column":47}},"type":"default-arg","locations":[{"start":{"line":7,"column":34},"end":{"line":7,"column":47}}],"line":7},"1":{"loc":{"start":{"line":9,"column":2},"end":{"line":13,"column":3}},"type":"if","locations":[{"start":{"line":9,"column":2},"end":{"line":13,"column":3}},{"start":{},"end":{}}],"line":9},"2":{"loc":{"start":{"line":24,"column":36},"end":{"line":24,"column":72}},"type":"default-arg","locations":[{"start":{"line":24,"column":70},"end":{"line":24,"column":72}}],"line":24},"3":{"loc":{"start":{"line":27,"column":4},"end":{"line":27,"column":95}},"type":"if","locations":[{"start":{"line":27,"column":4},"end":{"line":27,"column":95}},{"start":{},"end":{}}],"line":27},"4":{"loc":{"start":{"line":32,"column":4},"end":{"line":32,"column":36}},"type":"if","locations":[{"start":{"line":32,"column":4},"end":{"line":32,"column":36}},{"start":{},"end":{}}],"line":32},"5":{"loc":{"start":{"line":37,"column":4},"end":{"line":37,"column":57}},"type":"if","locations":[{"start":{"line":37,"column":4},"end":{"line":37,"column":57}},{"start":{},"end":{}}],"line":37},"6":{"loc":{"start":{"line":37,"column":8},"end":{"line":37,"column":37}},"type":"binary-expr","locations":[{"start":{"line":37,"column":8},"end":{"line":37,"column":19}},{"start":{"line":37,"column":23},"end":{"line":37,"column":37}}],"line":37},"7":{"loc":{"start":{"line":67,"column":2},"end":{"line":67,"column":40}},"type":"if","locations":[{"start":{"line":67,"column":2},"end":{"line":67,"column":40}},{"start":{},"end":{}}],"line":67},"8":{"loc":{"start":{"line":67,"column":6},"end":{"line":67,"column":27}},"type":"binary-expr","locations":[{"start":{"line":67,"column":6},"end":{"line":67,"column":18}},{"start":{"line":67,"column":22},"end":{"line":67,"column":27}}],"line":67},"9":{"loc":{"start":{"line":68,"column":2},"end":{"line":68,"column":28}},"type":"if","locations":[{"start":{"line":68,"column":2},"end":{"line":68,"column":28}},{"start":{},"end":{}}],"line":68},"10":{"loc":{"start":{"line":72,"column":38},"end":{"line":72,"column":47}},"type":"cond-expr","locations":[{"start":{"line":72,"column":42},"end":{"line":72,"column":43}},{"start":{"line":72,"column":46},"end":{"line":72,"column":47}}],"line":72},"11":{"loc":{"start":{"line":81,"column":9},"end":{"line":81,"column":19}},"type":"binary-expr","locations":[{"start":{"line":81,"column":9},"end":{"line":81,"column":13}},{"start":{"line":81,"column":17},"end":{"line":81,"column":19}}],"line":81},"12":{"loc":{"start":{"line":82,"column":2},"end":{"line":82,"column":63}},"type":"if","locations":[{"start":{"line":82,"column":2},"end":{"line":82,"column":63}},{"start":{},"end":{}}],"line":82},"13":{"loc":{"start":{"line":84,"column":2},"end":{"line":88,"column":3}},"type":"if","locations":[{"start":{"line":84,"column":2},"end":{"line":88,"column":3}},{"start":{},"end":{}}],"line":84},"14":{"loc":{"start":{"line":95,"column":2},"end":{"line":102,"column":3}},"type":"if","locations":[{"start":{"line":95,"column":2},"end":{"line":102,"column":3}},{"start":{},"end":{}}],"line":95},"15":{"loc":{"start":{"line":103,"column":2},"end":{"line":103,"column":46}},"type":"if","locations":[{"start":{"line":103,"column":2},"end":{"line":103,"column":46}},{"start":{},"end":{}}],"line":103},"16":{"loc":{"start":{"line":113,"column":4},"end":{"line":121,"column":21}},"type":"binary-expr","locations":[{"start":{"line":113,"column":4},"end":{"line":121,"column":11}},{"start":{"line":121,"column":15},"end":{"line":121,"column":21}}],"line":113},"17":{"loc":{"start":{"line":131,"column":2},"end":{"line":134,"column":3}},"type":"if","locations":[{"start":{"line":131,"column":2},"end":{"line":134,"column":3}},{"start":{},"end":{}}],"line":131},"18":{"loc":{"start":{"line":132,"column":4},"end":{"line":132,"column":14}},"type":"binary-expr","locations":[{"start":{"line":132,"column":4},"end":{"line":132,"column":6}},{"start":{"line":132,"column":10},"end":{"line":132,"column":14}}],"line":132},"19":{"loc":{"start":{"line":150,"column":6},"end":{"line":150,"column":16}},"type":"binary-expr","locations":[{"start":{"line":150,"column":6},"end":{"line":150,"column":8}},{"start":{"line":150,"column":12},"end":{"line":150,"column":16}}],"line":150},"20":{"loc":{"start":{"line":162,"column":10},"end":{"line":162,"column":17}},"type":"binary-expr","locations":[{"start":{"line":162,"column":10},"end":{"line":162,"column":11}},{"start":{"line":162,"column":15},"end":{"line":162,"column":17}}],"line":162}},"s":{"0":4,"1":4,"2":1,"3":1,"4":1,"5":4,"6":4,"7":4,"8":4,"9":4,"10":2,"11":0,"12":0,"13":0,"14":0,"15":0,"16":0,"17":0,"18":0,"19":0,"20":0,"21":0,"22":0,"23":0,"24":0,"25":0,"26":0,"27":0,"28":0,"29":55,"30":2,"31":53,"32":2,"33":51,"34":51,"35":51,"36":51,"37":4,"38":4,"39":0,"40":4,"41":4,"42":3,"43":3,"44":3,"45":4,"46":4,"47":4,"48":4,"49":2,"50":4,"51":4,"52":4,"53":4,"54":1,"55":4,"56":4,"57":13,"58":0,"59":0,"60":0,"61":0,"62":0,"63":0,"64":0,"65":0,"66":0,"67":0,"68":0,"69":0,"70":0,"71":0,"72":0,"73":13,"74":31},"f":{"0":4,"1":2,"2":0,"3":0,"4":0,"5":0,"6":0,"7":55,"8":4,"9":2,"10":1,"11":13,"12":0,"13":0,"14":13,"15":31},"b":{"0":[0],"1":[1,3],"2":[0],"3":[0,0],"4":[0,0],"5":[0,0],"6":[0,0],"7":[2,53],"8":[55,54],"9":[2,51],"10":[45,6],"11":[4,3],"12":[0,4],"13":[3,1],"14":[4,0],"15":[4,0],"16":[13,4],"17":[0,0],"18":[0,0],"19":[0,0],"20":[13,1]},"_coverageSchema":"1a1c01bbd47fc00a2c39e90264f33305004495a9","hash":"b13251f87252a9466ee4d8c1c8e8bb2f00f6505d"}
}
