TN:
SF:public/js/app.js
FN:14,initializeApp
FN:16,(anonymous_1)
FN:37,(anonymous_2)
FN:50,boot
FN:51,(anonymous_4)
FNF:5
FNH:2
FNDA:3,initializeApp
FNDA:2,(anonymous_1)
FNDA:0,(anonymous_2)
FNDA:0,boot
FNDA:0,(anonymous_4)
DA:12,2
DA:15,3
DA:16,2
DA:17,2
DA:18,2
DA:19,2
DA:21,0
DA:22,0
DA:24,2
DA:25,2
DA:26,2
DA:27,2
DA:28,2
DA:29,1
DA:30,1
DA:32,1
DA:33,1
DA:36,2
DA:38,0
DA:39,0
DA:40,0
DA:41,0
DA:42,0
DA:44,0
DA:47,3
DA:51,0
DA:54,2
DA:55,2
DA:57,0
LF:29
LH:19
BRDA:15,0,0,2
BRDA:15,0,1,1
BRDA:21,1,0,0
BRDA:21,1,1,0
BRDA:28,2,0,1
BRDA:28,2,1,1
BRDA:29,3,0,1
BRDA:29,3,1,0
BRDA:32,4,0,1
BRDA:32,4,1,0
BRDA:40,5,0,0
BRDA:40,5,1,0
BRDA:54,6,0,2
BRDA:54,6,1,0
BRF:14
BRH:7
end_of_record
TN:
SF:public/js/config.js
FN:13,fetchConfig
FNF:1
FNH:1
FNDA:4,fetchConfig
DA:4,5
DA:5,5
DA:6,5
DA:14,4
DA:15,4
DA:16,3
DA:17,1
DA:18,0
DA:19,1
DA:21,2
DA:22,2
DA:23,1
DA:25,2
DA:26,2
DA:28,2
DA:29,1
DA:31,2
DA:33,1
DA:34,0
DA:35,1
LF:20
LH:18
BRDA:16,0,0,1
BRDA:16,0,1,2
BRDA:17,1,0,0
BRDA:17,1,1,1
BRDA:22,2,0,1
BRDA:22,2,1,1
BRDA:22,3,0,2
BRDA:22,3,1,2
BRDA:25,4,0,2
BRDA:25,4,1,0
BRDA:25,5,0,2
BRDA:25,5,1,2
BRDA:28,6,0,1
BRDA:28,6,1,1
BRDA:28,7,0,2
BRDA:28,7,1,2
BRDA:33,8,0,0
BRDA:33,8,1,1
BRF:18
BRH:15
end_of_record
TN:
SF:public/js/delete.js
FN:9,(anonymous_0)
FN:39,(anonymous_1)
FN:44,(anonymous_2)
FN:45,(anonymous_3)
FN:48,(anonymous_4)
FN:58,(anonymous_5)
FN:80,(anonymous_6)
FN:91,(anonymous_7)
FN:92,(anonymous_8)
FN:95,(anonymous_9)
FN:100,(anonymous_10)
FN:103,(anonymous_11)
FN:126,(anonymous_12)
FN:129,(anonymous_13)
FN:130,(anonymous_14)
FN:135,(anonymous_15)
FN:136,(anonymous_16)
FN:139,(anonymous_17)
FNF:18
FNH:0
FNDA:0,(anonymous_0)
FNDA:0,(anonymous_1)
FNDA:0,(anonymous_2)
FNDA:0,(anonymous_3)
FNDA:0,(anonymous_4)
FNDA:0,(anonymous_5)
FNDA:0,(anonymous_6)
FNDA:0,(anonymous_7)
FNDA:0,(anonymous_8)
FNDA:0,(anonymous_9)
FNDA:0,(anonymous_10)
FNDA:0,(anonymous_11)
FNDA:0,(anonymous_12)
FNDA:0,(anonymous_13)
FNDA:0,(anonymous_14)
FNDA:0,(anonymous_15)
FNDA:0,(anonymous_16)
FNDA:0,(anonymous_17)
DA:8,10
DA:10,0
DA:11,0
DA:12,0
DA:13,0
DA:14,0
DA:15,0
DA:16,0
DA:17,0
DA:18,0
DA:19,0
DA:20,0
DA:21,0
DA:22,0
DA:23,0
DA:24,0
DA:25,0
DA:26,0
DA:27,0
DA:28,0
DA:29,0
DA:30,0
DA:32,0
DA:33,0
DA:34,0
DA:35,0
DA:40,0
DA:41,0
DA:42,0
DA:43,0
DA:44,0
DA:45,0
DA:46,0
DA:47,0
DA:48,0
DA:53,0
DA:55,0
DA:59,0
DA:60,0
DA:61,0
DA:62,0
DA:63,0
DA:64,0
DA:66,0
DA:67,0
DA:68,0
DA:70,0
DA:81,0
DA:82,0
DA:85,0
DA:86,0
DA:87,0
DA:88,0
DA:89,0
DA:90,0
DA:91,0
DA:92,0
DA:93,0
DA:94,0
DA:95,0
DA:100,0
DA:101,0
DA:102,0
DA:103,0
DA:108,0
DA:109,0
DA:110,0
DA:111,0
DA:113,0
DA:114,0
DA:115,0
DA:118,0
DA:119,0
DA:120,0
DA:127,0
DA:128,0
DA:129,0
DA:130,0
DA:131,0
DA:132,0
DA:133,0
DA:134,0
DA:135,0
DA:136,0
DA:137,0
DA:138,0
DA:139,0
LF:87
LH:1
BRDA:10,0,0,0
BRDA:10,0,1,0
BRDA:11,1,0,0
BRDA:11,1,1,0
BRDA:16,2,0,0
BRDA:16,2,1,0
BRDA:21,3,0,0
BRDA:21,3,1,0
BRDA:26,4,0,0
BRDA:26,4,1,0
BRDA:40,5,0,0
BRDA:40,5,1,0
BRDA:41,6,0,0
BRDA:41,6,1,0
BRDA:41,7,0,0
BRDA:41,7,1,0
BRDA:43,8,0,0
BRDA:43,8,1,0
BRDA:46,9,0,0
BRDA:46,9,1,0
BRDA:59,10,0,0
BRDA:59,10,1,0
BRDA:59,11,0,0
BRDA:59,11,1,0
BRDA:61,12,0,0
BRDA:61,12,1,0
BRDA:85,13,0,0
BRDA:85,13,1,0
BRDA:90,14,0,0
BRDA:90,14,1,0
BRDA:93,15,0,0
BRDA:93,15,1,0
BRDA:101,16,0,0
BRDA:101,16,1,0
BRDA:111,17,0,0
BRDA:111,17,1,0
BRDA:111,18,0,0
BRDA:111,18,1,0
BRDA:128,19,0,0
BRDA:128,19,1,0
BRDA:132,20,0,0
BRDA:132,20,1,0
BRDA:134,21,0,0
BRDA:134,21,1,0
BRDA:137,22,0,0
BRDA:137,22,1,0
BRF:46
BRH:0
end_of_record
TN:
SF:public/js/i18n-owned.js
FN:57,currentLang
FN:92,getOwnedStrings
FN:136,tOwned
FN:153,withOwnedOverrides
FN:162,(anonymous_4)
FN:163,(anonymous_5)
FN:164,(anonymous_6)
FN:167,(anonymous_7)
FN:173,(anonymous_8)
FN:183,expiredLabel
FNF:10
FNH:4
FNDA:36,currentLang
FNDA:36,getOwnedStrings
FNDA:36,tOwned
FNDA:0,withOwnedOverrides
FNDA:0,(anonymous_4)
FNDA:0,(anonymous_5)
FNDA:0,(anonymous_6)
FNDA:0,(anonymous_7)
FNDA:0,(anonymous_8)
FNDA:26,expiredLabel
DA:17,11
DA:23,11
DA:49,11
DA:58,36
DA:59,36
DA:64,16
DA:65,16
DA:71,20
DA:72,20
DA:77,3
DA:78,3
DA:84,17
DA:93,36
DA:94,36
DA:98,36
DA:99,36
DA:100,36
DA:102,0
DA:106,0
DA:110,0
DA:114,0
DA:115,0
DA:127,36
DA:137,36
DA:138,36
DA:140,0
DA:141,0
DA:154,0
DA:155,0
DA:156,0
DA:161,0
DA:162,0
DA:163,0
DA:165,0
DA:168,0
DA:169,0
DA:170,0
DA:171,0
DA:173,0
DA:175,0
DA:184,26
DA:188,11
DA:189,11
DA:190,11
LF:44
LH:24
BRDA:59,0,0,16
BRDA:59,0,1,20
BRDA:60,1,0,36
BRDA:60,1,1,36
BRDA:60,1,2,16
BRDA:64,2,0,16
BRDA:64,2,1,0
BRDA:65,3,0,16
BRDA:65,3,1,0
BRDA:72,4,0,3
BRDA:72,4,1,17
BRDA:73,5,0,20
BRDA:73,5,1,20
BRDA:73,5,2,20
BRDA:78,6,0,3
BRDA:78,6,1,0
BRDA:93,7,0,0
BRDA:93,7,1,36
BRDA:93,8,0,36
BRDA:93,8,1,0
BRDA:94,9,0,36
BRDA:94,9,1,0
BRDA:99,10,0,36
BRDA:99,10,1,0
BRDA:100,11,0,0
BRDA:100,11,1,36
BRDA:100,12,0,36
BRDA:100,12,1,0
BRDA:102,13,0,0
BRDA:102,13,1,0
BRDA:102,14,0,0
BRDA:102,14,1,0
BRDA:106,15,0,0
BRDA:106,15,1,0
BRDA:106,16,0,0
BRDA:106,16,1,0
BRDA:110,17,0,0
BRDA:110,17,1,0
BRDA:110,18,0,0
BRDA:110,18,1,0
BRDA:114,19,0,0
BRDA:114,19,1,0
BRDA:114,20,0,0
BRDA:114,20,1,0
BRDA:114,20,2,0
BRDA:117,21,0,0
BRDA:117,21,1,0
BRDA:118,22,0,0
BRDA:118,22,1,0
BRDA:119,23,0,0
BRDA:119,23,1,0
BRDA:138,24,0,36
BRDA:138,24,1,0
BRDA:141,25,0,0
BRDA:141,25,1,0
BRDA:158,26,0,0
BRDA:158,26,1,0
BRDA:165,27,0,0
BRDA:165,27,1,0
BRDA:165,28,0,0
BRDA:165,28,1,0
BRDA:169,29,0,0
BRDA:169,29,1,0
BRDA:171,30,0,0
BRDA:171,30,1,0
BRDA:189,31,0,11
BRDA:189,31,1,0
BRF:67
BRH:21
end_of_record
TN:
SF:public/js/lang.js
FN:3,(anonymous_0)
FN:13,debugLog
FN:22,(anonymous_2)
FN:31,(anonymous_3)
FN:39,sanitize
FN:45,getStored
FN:59,setStored
FN:72,getUrlLang
FN:80,setDocumentLang
FN:91,resolveLang
FN:95,snapshotState
FN:110,logState
FN:115,ensureLanguage
FN:142,applyLanguage
FN:157,rewriteLinks
FN:175,(anonymous_15)
FN:178,(anonymous_16)
FN:208,syncSelect
FN:213,(anonymous_18)
FN:217,(anonymous_19)
FN:222,enableAutoRewrite
FN:232,(anonymous_21)
FN:242,(anonymous_22)
FN:246,(anonymous_23)
FN:247,(anonymous_24)
FN:257,(anonymous_25)
FN:264,(anonymous_26)
FN:270,ensureDebugApi
FN:293,(anonymous_28)
FNF:29
FNH:21
FNDA:2,(anonymous_0)
FNDA:14,debugLog
FNDA:1,(anonymous_2)
FNDA:0,(anonymous_3)
FNDA:34,sanitize
FNDA:10,getStored
FNDA:2,setStored
FNDA:9,getUrlLang
FNDA:3,setDocumentLang
FNDA:9,resolveLang
FNDA:0,snapshotState
FNDA:6,logState
FNDA:2,ensureLanguage
FNDA:2,applyLanguage
FNDA:7,rewriteLinks
FNDA:10,(anonymous_15)
FNDA:12,(anonymous_16)
FNDA:0,syncSelect
FNDA:0,(anonymous_18)
FNDA:0,(anonymous_19)
FNDA:2,enableAutoRewrite
FNDA:0,(anonymous_21)
FNDA:4,(anonymous_22)
FNDA:4,(anonymous_23)
FNDA:5,(anonymous_24)
FNDA:0,(anonymous_25)
FNDA:0,(anonymous_26)
FNDA:4,ensureDebugApi
FNDA:2,(anonymous_28)
DA:3,2
DA:6,2
DA:7,2
DA:8,2
DA:9,2
DA:10,2
DA:11,2
DA:14,14
DA:15,0
DA:16,0
DA:21,2
DA:23,1
DA:24,1
DA:26,0
DA:27,0
DA:32,0
DA:33,0
DA:35,0
DA:40,34
DA:41,14
DA:42,14
DA:46,10
DA:48,10
DA:50,10
DA:52,0
DA:53,0
DA:55,0
DA:60,2
DA:61,2
DA:62,1
DA:63,1
DA:65,0
DA:66,0
DA:69,1
DA:73,9
DA:74,9
DA:76,0
DA:81,3
DA:82,3
DA:83,3
DA:84,3
DA:85,3
DA:86,2
DA:92,9
DA:96,0
DA:97,0
DA:98,0
DA:99,0
DA:100,0
DA:111,6
DA:112,0
DA:116,2
DA:117,2
DA:118,2
DA:119,0
DA:120,0
DA:121,0
DA:122,0
DA:124,0
DA:125,0
DA:127,2
DA:128,2
DA:129,0
DA:130,0
DA:131,0
DA:132,0
DA:133,0
DA:135,2
DA:136,0
DA:138,2
DA:139,2
DA:143,2
DA:144,2
DA:145,1
DA:146,1
DA:147,1
DA:148,1
DA:149,0
DA:150,0
DA:152,1
DA:153,1
DA:154,1
DA:158,7
DA:159,7
DA:160,7
DA:164,7
DA:165,7
DA:166,7
DA:172,2
DA:174,7
DA:175,10
DA:177,7
DA:178,7
DA:179,12
DA:180,12
DA:181,12
DA:182,6
DA:183,6
DA:184,6
DA:185,6
DA:192,0
DA:195,6
DA:196,6
DA:198,0
DA:200,6
DA:201,6
DA:202,3
DA:203,3
DA:204,3
DA:209,0
DA:210,0
DA:211,0
DA:212,0
DA:213,0
DA:215,0
DA:217,0
DA:218,0
DA:223,2
DA:224,0
DA:225,0
DA:227,2
DA:228,0
DA:229,0
DA:230,0
DA:233,0
DA:234,0
DA:238,0
DA:239,0
DA:241,2
DA:242,2
DA:243,4
DA:244,4
DA:246,4
DA:247,4
DA:248,5
DA:249,2
DA:253,2
DA:256,2
DA:257,0
DA:264,0
DA:271,4
DA:272,4
DA:273,0
DA:274,0
DA:276,4
DA:277,0
DA:278,0
DA:282,2
DA:283,2
DA:285,2
DA:286,2
DA:287,0
DA:289,2
DA:290,2
DA:292,2
DA:293,2
DA:294,2
DA:295,2
DA:296,2
DA:297,2
DA:299,2
DA:300,0
DA:302,2
LF:163
LH:103
BRDA:14,0,0,14
BRDA:14,0,1,0
BRDA:16,1,0,0
BRDA:16,1,1,0
BRDA:21,2,0,2
BRDA:21,2,1,0
BRDA:26,3,0,0
BRDA:26,3,1,0
BRDA:32,4,0,0
BRDA:32,4,1,0
BRDA:40,5,0,20
BRDA:40,5,1,14
BRDA:42,6,0,12
BRDA:42,6,1,2
BRDA:48,7,0,10
BRDA:48,7,1,10
BRDA:52,8,0,0
BRDA:52,8,1,0
BRDA:61,9,0,1
BRDA:61,9,1,1
BRDA:65,10,0,0
BRDA:65,10,1,0
BRDA:82,11,0,0
BRDA:82,11,1,3
BRDA:85,12,0,2
BRDA:85,12,1,1
BRDA:85,13,0,3
BRDA:85,13,1,3
BRDA:92,14,0,9
BRDA:92,14,1,8
BRDA:92,14,2,8
BRDA:92,14,3,1
BRDA:98,15,0,0
BRDA:98,15,1,0
BRDA:99,16,0,0
BRDA:99,16,1,0
BRDA:99,16,2,0
BRDA:104,17,0,0
BRDA:104,17,1,0
BRDA:104,17,2,0
BRDA:104,17,3,0
BRDA:111,18,0,6
BRDA:111,18,1,0
BRDA:112,19,0,0
BRDA:112,19,1,0
BRDA:115,20,0,0
BRDA:115,21,0,0
BRDA:118,22,0,0
BRDA:118,22,1,2
BRDA:121,23,0,0
BRDA:121,23,1,0
BRDA:128,24,0,0
BRDA:128,24,1,2
BRDA:135,25,0,0
BRDA:135,25,1,2
BRDA:142,26,0,1
BRDA:142,27,0,1
BRDA:144,28,0,1
BRDA:144,28,1,1
BRDA:148,29,0,0
BRDA:148,29,1,1
BRDA:153,30,0,1
BRDA:153,30,1,0
BRDA:159,31,0,0
BRDA:159,31,1,7
BRDA:162,32,0,2
BRDA:162,32,1,5
BRDA:162,33,0,7
BRDA:162,33,1,2
BRDA:162,34,0,2
BRDA:162,34,1,0
BRDA:164,35,0,7
BRDA:164,35,1,5
BRDA:166,36,0,2
BRDA:166,36,1,5
BRDA:167,37,0,7
BRDA:167,37,1,7
BRDA:167,37,2,2
BRDA:167,37,3,2
BRDA:174,38,0,7
BRDA:174,38,1,0
BRDA:174,39,0,7
BRDA:174,39,1,7
BRDA:179,40,0,0
BRDA:179,40,1,12
BRDA:179,41,0,12
BRDA:179,41,1,12
BRDA:181,42,0,6
BRDA:181,42,1,6
BRDA:183,43,0,0
BRDA:183,43,1,6
BRDA:183,44,0,6
BRDA:183,44,1,6
BRDA:185,45,0,0
BRDA:185,45,1,6
BRDA:186,46,0,6
BRDA:186,46,1,6
BRDA:186,46,2,6
BRDA:186,46,3,6
BRDA:186,46,4,6
BRDA:200,47,0,0
BRDA:200,47,1,6
BRDA:201,48,0,3
BRDA:201,48,1,3
BRDA:209,49,0,0
BRDA:209,49,1,0
BRDA:210,50,0,0
BRDA:210,50,1,0
BRDA:211,51,0,0
BRDA:211,51,1,0
BRDA:211,52,0,0
BRDA:211,52,1,0
BRDA:215,53,0,0
BRDA:215,53,1,0
BRDA:223,54,0,0
BRDA:223,54,1,2
BRDA:227,55,0,0
BRDA:227,55,1,2
BRDA:228,56,0,0
BRDA:228,56,1,0
BRDA:243,57,0,4
BRDA:243,57,1,0
BRDA:248,58,0,3
BRDA:248,58,1,2
BRDA:248,59,0,5
BRDA:248,59,1,5
BRDA:264,60,0,0
BRDA:264,60,1,0
BRDA:271,61,0,0
BRDA:271,61,1,4
BRDA:272,62,0,0
BRDA:272,62,1,4
BRDA:276,63,0,0
BRDA:276,63,1,4
BRDA:286,64,0,0
BRDA:286,64,1,2
BRDA:289,65,0,2
BRDA:289,65,1,1
BRDA:299,66,0,0
BRDA:299,66,1,2
BRF:140
BRH:77
end_of_record
TN:
SF:public/js/telemetry.js
FN:23,normalizeTraceTargets
FN:46,initTelemetry
FN:92,(anonymous_2)
FN:115,(anonymous_3)
FN:120,(anonymous_4)
FN:137,captureException
FN:140,(anonymous_6)
FN:152,isTelemetryEnabled
FN:156,getTelemetryClient
FN:167,startSpan
FN:195,startInactiveSpan
FN:218,getActiveSpan
FN:238,setSpanAttributes
FN:245,(anonymous_13)
FN:261,endSpan
FN:287,formatConsoleArg
FN:299,forwardConsoleToSentry
FN:304,(anonymous_17)
FN:309,(anonymous_18)
FN:310,(anonymous_19)
FN:312,(anonymous_20)
FNF:21
FNH:17
FNDA:5,normalizeTraceTargets
FNDA:8,initTelemetry
FNDA:0,(anonymous_2)
FNDA:5,(anonymous_3)
FNDA:47,(anonymous_4)
FNDA:1,captureException
FNDA:0,(anonymous_6)
FNDA:4,isTelemetryEnabled
FNDA:4,getTelemetryClient
FNDA:2,startSpan
FNDA:1,startInactiveSpan
FNDA:1,getActiveSpan
FNDA:1,setSpanAttributes
FNDA:0,(anonymous_13)
FNDA:1,endSpan
FNDA:7,formatConsoleArg
FNDA:5,forwardConsoleToSentry
FNDA:30,(anonymous_17)
FNDA:0,(anonymous_18)
FNDA:30,(anonymous_19)
FNDA:3,(anonymous_20)
DA:6,18
DA:20,18
DA:21,18
DA:24,5
DA:25,4
DA:27,1
DA:28,1
DA:29,3
DA:30,1
DA:31,1
DA:33,2
DA:34,2
DA:35,2
DA:36,2
DA:40,0
DA:43,1
DA:47,8
DA:48,2
DA:50,6
DA:51,6
DA:52,6
DA:53,1
DA:56,5
DA:57,5
DA:60,5
DA:64,5
DA:65,5
DA:66,5
DA:73,0
DA:80,5
DA:81,5
DA:93,0
DA:96,0
DA:97,0
DA:101,0
DA:102,0
DA:106,0
DA:107,0
DA:111,0
DA:115,5
DA:116,5
DA:117,5
DA:118,5
DA:121,47
DA:125,5
DA:126,5
DA:128,0
DA:129,0
DA:130,0
DA:134,5
DA:138,1
DA:139,1
DA:140,1
DA:141,0
DA:142,0
DA:146,0
DA:147,0
DA:153,4
DA:157,4
DA:168,2
DA:169,1
DA:172,1
DA:173,1
DA:182,0
DA:183,0
DA:185,0
DA:196,1
DA:197,0
DA:200,1
DA:201,1
DA:207,0
DA:208,0
DA:210,0
DA:219,1
DA:220,1
DA:223,0
DA:224,0
DA:226,0
DA:227,0
DA:229,0
DA:239,1
DA:241,1
DA:242,1
DA:243,1
DA:244,0
DA:245,0
DA:246,0
DA:250,0
DA:251,0
DA:262,1
DA:264,1
DA:265,1
DA:266,1
DA:268,1
DA:270,0
DA:271,0
DA:276,18
DA:285,18
DA:288,7
DA:289,1
DA:290,0
DA:292,1
DA:293,1
DA:295,0
DA:300,5
DA:301,5
DA:302,5
DA:303,5
DA:304,5
DA:305,30
DA:306,30
DA:309,5
DA:310,5
DA:311,30
DA:312,30
DA:313,3
DA:314,3
DA:315,3
DA:316,3
DA:317,3
DA:327,0
DA:331,5
LF:122
LH:83
BRDA:24,0,0,4
BRDA:24,0,1,1
BRDA:24,1,0,5
BRDA:24,1,1,1
BRDA:29,2,0,1
BRDA:29,2,1,2
BRDA:33,3,0,2
BRDA:33,3,1,0
BRDA:33,4,0,2
BRDA:33,4,1,2
BRDA:43,5,0,1
BRDA:43,5,1,0
BRDA:47,6,0,2
BRDA:47,6,1,6
BRDA:51,7,0,5
BRDA:51,7,1,1
BRDA:51,8,0,6
BRDA:51,8,1,5
BRDA:52,9,0,1
BRDA:52,9,1,5
BRDA:52,10,0,6
BRDA:52,10,1,5
BRDA:52,10,2,5
BRDA:57,11,0,1
BRDA:57,11,1,4
BRDA:65,12,0,5
BRDA:65,12,1,0
BRDA:96,13,0,0
BRDA:96,13,1,0
BRDA:96,14,0,0
BRDA:96,14,1,0
BRDA:101,15,0,0
BRDA:101,15,1,0
BRDA:101,16,0,0
BRDA:101,16,1,0
BRDA:106,17,0,0
BRDA:106,17,1,0
BRDA:106,18,0,0
BRDA:106,18,1,0
BRDA:121,19,0,47
BRDA:121,19,1,0
BRDA:129,20,0,0
BRDA:129,20,1,0
BRDA:138,21,0,0
BRDA:138,21,1,1
BRDA:141,22,0,0
BRDA:141,22,1,0
BRDA:141,23,0,0
BRDA:141,23,1,0
BRDA:146,24,0,0
BRDA:146,24,1,0
BRDA:157,25,0,1
BRDA:157,25,1,3
BRDA:168,26,0,1
BRDA:168,26,1,1
BRDA:168,27,0,2
BRDA:168,27,1,1
BRDA:176,28,0,1
BRDA:176,28,1,0
BRDA:177,29,0,1
BRDA:177,29,1,1
BRDA:182,30,0,0
BRDA:182,30,1,0
BRDA:195,31,0,0
BRDA:196,32,0,0
BRDA:196,32,1,1
BRDA:196,33,0,1
BRDA:196,33,1,1
BRDA:203,34,0,1
BRDA:203,34,1,0
BRDA:204,35,0,1
BRDA:204,35,1,1
BRDA:207,36,0,0
BRDA:207,36,1,0
BRDA:219,37,0,1
BRDA:219,37,1,0
BRDA:219,38,0,1
BRDA:219,38,1,0
BRDA:226,39,0,0
BRDA:226,39,1,0
BRDA:239,40,0,0
BRDA:239,40,1,1
BRDA:239,41,0,1
BRDA:239,41,1,1
BRDA:242,42,0,1
BRDA:242,42,1,0
BRDA:244,43,0,0
BRDA:244,43,1,0
BRDA:250,44,0,0
BRDA:250,44,1,0
BRDA:261,45,0,0
BRDA:262,46,0,0
BRDA:262,46,1,1
BRDA:262,47,0,1
BRDA:262,47,1,1
BRDA:265,48,0,1
BRDA:265,48,1,0
BRDA:265,49,0,1
BRDA:265,49,1,1
BRDA:270,50,0,0
BRDA:270,50,1,0
BRDA:288,51,0,6
BRDA:288,51,1,1
BRDA:289,52,0,0
BRDA:289,52,1,1
BRDA:300,53,0,0
BRDA:300,53,1,5
BRDA:300,54,0,5
BRDA:300,54,1,5
BRDA:301,55,0,0
BRDA:301,55,1,5
BRDA:301,56,0,5
BRDA:301,56,1,5
BRDA:305,57,0,30
BRDA:305,57,1,0
BRDA:309,58,0,5
BRDA:309,58,1,0
BRDA:311,59,0,0
BRDA:311,59,1,30
BRDA:314,60,0,0
BRDA:314,60,1,3
BRDA:316,61,0,3
BRDA:316,61,1,0
BRF:123
BRH:67
end_of_record
TN:
SF:public/js/ui.js
FN:24,getTTL
FN:32,setupTTL
FN:38,updateTTL
FN:49,setupUI
FN:53,(anonymous_4)
FN:58,(anonymous_5)
FN:60,(anonymous_6)
FN:65,(anonymous_7)
FN:75,(anonymous_8)
FN:76,(anonymous_9)
FN:79,(anonymous_10)
FN:80,(anonymous_11)
FN:82,(anonymous_12)
FN:83,(anonymous_13)
FN:91,(anonymous_14)
FN:92,(anonymous_15)
FN:93,(anonymous_16)
FN:96,(anonymous_17)
FN:100,(anonymous_18)
FN:101,(anonymous_19)
FN:110,(anonymous_20)
FNF:21
FNH:10
FNDA:6,getTTL
FNDA:1,setupTTL
FNDA:3,updateTTL
FNDA:2,setupUI
FNDA:2,(anonymous_4)
FNDA:1,(anonymous_5)
FNDA:0,(anonymous_6)
FNDA:0,(anonymous_7)
FNDA:0,(anonymous_8)
FNDA:0,(anonymous_9)
FNDA:4,(anonymous_10)
FNDA:0,(anonymous_11)
FNDA:4,(anonymous_12)
FNDA:0,(anonymous_13)
FNDA:0,(anonymous_14)
FNDA:0,(anonymous_15)
FNDA:0,(anonymous_16)
FNDA:0,(anonymous_17)
FNDA:1,(anonymous_18)
FNDA:0,(anonymous_19)
FNDA:1,(anonymous_20)
DA:4,16
DA:5,16
DA:6,5
DA:7,5
DA:8,5
DA:9,5
DA:10,5
DA:11,5
DA:13,16
DA:14,16
DA:15,16
DA:16,16
DA:17,16
DA:18,16
DA:19,16
DA:22,16
DA:25,6
DA:26,5
DA:27,4
DA:29,1
DA:33,1
DA:34,1
DA:35,1
DA:36,1
DA:39,3
DA:40,3
DA:41,3
DA:43,1
DA:44,1
DA:45,1
DA:51,2
DA:52,2
DA:53,2
DA:57,2
DA:58,2
DA:59,2
DA:60,2
DA:61,0
DA:64,2
DA:65,2
DA:66,0
DA:67,0
DA:68,0
DA:69,0
DA:70,0
DA:71,0
DA:72,0
DA:73,0
DA:75,2
DA:76,2
DA:79,2
DA:80,4
DA:82,2
DA:83,4
DA:84,0
DA:85,0
DA:86,0
DA:91,2
DA:92,2
DA:93,2
DA:94,2
DA:96,0
DA:100,2
DA:101,1
DA:102,1
DA:103,1
DA:104,1
DA:105,1
DA:106,1
DA:107,1
DA:108,1
DA:109,1
DA:110,1
DA:113,1
DA:114,1
LF:75
LH:62
BRDA:5,0,0,5
BRDA:5,0,1,11
BRDA:5,1,0,16
BRDA:5,1,1,5
BRDA:25,2,0,1
BRDA:25,2,1,5
BRDA:26,3,0,4
BRDA:26,3,1,1
BRDA:26,4,0,5
BRDA:26,4,1,4
BRDA:27,5,0,4
BRDA:27,5,1,0
BRDA:33,6,0,0
BRDA:33,6,1,1
BRDA:35,7,0,1
BRDA:35,7,1,0
BRDA:35,8,0,1
BRDA:35,8,1,1
BRDA:40,9,0,3
BRDA:40,9,1,0
BRDA:51,10,0,2
BRDA:51,10,1,0
BRDA:57,11,0,2
BRDA:57,11,1,0
BRDA:61,12,0,0
BRDA:61,12,1,0
BRDA:61,13,0,0
BRDA:61,13,1,0
BRDA:66,14,0,0
BRDA:66,14,1,0
BRDA:66,15,0,0
BRDA:66,15,1,0
BRDA:66,15,2,0
BRDA:68,16,0,0
BRDA:68,16,1,0
BRDA:69,17,0,0
BRDA:69,17,1,0
BRDA:72,18,0,0
BRDA:72,18,1,0
BRDA:84,19,0,0
BRDA:84,19,1,0
BRDA:96,20,0,0
BRDA:96,20,1,0
BRDA:113,21,0,1
BRDA:113,21,1,0
BRDA:113,22,0,1
BRDA:113,22,1,1
BRDA:113,22,2,1
BRF:48
BRH:22
end_of_record
TN:
SF:public/js/utils.js
FN:7,flashCopied
FN:18,(anonymous_1)
FN:24,setupBfcacheSupport
FN:26,(anonymous_3)
FN:31,(anonymous_4)
FN:36,(anonymous_5)
FN:46,copyToClipboard
FN:66,fmtBytes
FN:80,showSnack
FN:92,(anonymous_9)
FN:99,(anonymous_10)
FN:111,ttlCodeSeconds
FN:130,animateRemove
FN:146,(anonymous_13)
FN:161,escapeHtml
FN:164,(anonymous_15)
FNF:16
FNH:9
FNDA:4,flashCopied
FNDA:2,(anonymous_1)
FNDA:0,setupBfcacheSupport
FNDA:0,(anonymous_3)
FNDA:0,(anonymous_4)
FNDA:0,(anonymous_5)
FNDA:0,copyToClipboard
FNDA:55,fmtBytes
FNDA:4,showSnack
FNDA:2,(anonymous_9)
FNDA:1,(anonymous_10)
FNDA:13,ttlCodeSeconds
FNDA:0,animateRemove
FNDA:0,(anonymous_13)
FNDA:57,escapeHtml
FNDA:31,(anonymous_15)
DA:8,4
DA:9,4
DA:10,1
DA:11,1
DA:12,1
DA:14,4
DA:15,4
DA:16,4
DA:17,4
DA:18,4
DA:26,0
DA:27,0
DA:31,0
DA:32,0
DA:36,0
DA:37,0
DA:47,0
DA:48,0
DA:50,0
DA:51,0
DA:52,0
DA:53,0
DA:54,0
DA:55,0
DA:57,0
DA:67,55
DA:68,53
DA:69,51
DA:70,51
DA:71,51
DA:72,51
DA:81,4
DA:82,4
DA:83,4
DA:84,4
DA:85,3
DA:86,3
DA:87,3
DA:89,4
DA:90,4
DA:91,4
DA:92,4
DA:94,4
DA:95,4
DA:96,4
DA:97,4
DA:99,1
DA:103,4
DA:112,13
DA:131,0
DA:132,0
DA:133,0
DA:136,0
DA:137,0
DA:138,0
DA:139,0
DA:140,0
DA:141,0
DA:142,0
DA:143,0
DA:144,0
DA:147,0
DA:148,0
DA:150,0
DA:162,57
DA:165,31
LF:66
LH:36
BRDA:7,0,0,0
BRDA:9,1,0,1
BRDA:9,1,1,3
BRDA:24,2,0,0
BRDA:27,3,0,0
BRDA:27,3,1,0
BRDA:32,4,0,0
BRDA:32,4,1,0
BRDA:37,5,0,0
BRDA:37,5,1,0
BRDA:37,6,0,0
BRDA:37,6,1,0
BRDA:67,7,0,2
BRDA:67,7,1,53
BRDA:67,8,0,55
BRDA:67,8,1,54
BRDA:68,9,0,2
BRDA:68,9,1,51
BRDA:72,10,0,45
BRDA:72,10,1,6
BRDA:81,11,0,4
BRDA:81,11,1,3
BRDA:82,12,0,0
BRDA:82,12,1,4
BRDA:84,13,0,3
BRDA:84,13,1,1
BRDA:95,14,0,4
BRDA:95,14,1,0
BRDA:103,15,0,4
BRDA:103,15,1,0
BRDA:113,16,0,13
BRDA:113,16,1,4
BRDA:131,17,0,0
BRDA:131,17,1,0
BRDA:132,18,0,0
BRDA:132,18,1,0
BRDA:150,19,0,0
BRDA:150,19,1,0
BRDA:162,20,0,57
BRDA:162,20,1,1
BRF:40
BRH:21
end_of_record
